[2024-10-18T19:30:39.070+0000] {local_task_job_runner.py:123} INFO - ::group::Pre task execution logs
[2024-10-18T19:30:39.115+0000] {taskinstance.py:2612} INFO - Dependencies all met for dep_context=non-requeueable deps ti=<TaskInstance: post_gres_dag.print_this_context manual__2024-10-18T19:30:35.390321+00:00 [queued]>
[2024-10-18T19:30:39.135+0000] {taskinstance.py:2612} INFO - Dependencies all met for dep_context=requeueable deps ti=<TaskInstance: post_gres_dag.print_this_context manual__2024-10-18T19:30:35.390321+00:00 [queued]>
[2024-10-18T19:30:39.147+0000] {taskinstance.py:2865} INFO - Starting attempt 1 of 1
[2024-10-18T19:30:39.178+0000] {taskinstance.py:2888} INFO - Executing <Task(PostgresOperator): print_this_context> on 2024-10-18 19:30:35.390321+00:00
[2024-10-18T19:30:39.194+0000] {warnings.py:112} WARNING - /home/***/.local/lib/python3.12/site-packages/***/task/task_runner/standard_task_runner.py:70: DeprecationWarning: This process (pid=185) is multi-threaded, use of fork() may lead to deadlocks in the child.
  pid = os.fork()

[2024-10-18T19:30:39.199+0000] {standard_task_runner.py:104} INFO - Running: ['***', 'tasks', 'run', 'post_gres_dag', 'print_this_context', 'manual__2024-10-18T19:30:35.390321+00:00', '--job-id', '26', '--raw', '--subdir', 'DAGS_FOLDER/post_gres.py', '--cfg-path', '/tmp/tmpp0u5ecdf']
[2024-10-18T19:30:39.202+0000] {standard_task_runner.py:72} INFO - Started process 187 to run task
[2024-10-18T19:30:39.206+0000] {standard_task_runner.py:105} INFO - Job 26: Subtask print_this_context
[2024-10-18T19:30:39.353+0000] {task_command.py:467} INFO - Running <TaskInstance: post_gres_dag.print_this_context manual__2024-10-18T19:30:35.390321+00:00 [running]> on host d004819e31a5
[2024-10-18T19:30:39.549+0000] {taskinstance.py:3131} INFO - Exporting env vars: AIRFLOW_CTX_DAG_OWNER='***' AIRFLOW_CTX_DAG_ID='post_gres_dag' AIRFLOW_CTX_TASK_ID='print_this_context' AIRFLOW_CTX_EXECUTION_DATE='2024-10-18T19:30:35.390321+00:00' AIRFLOW_CTX_TRY_NUMBER='1' AIRFLOW_CTX_DAG_RUN_ID='manual__2024-10-18T19:30:35.390321+00:00'
[2024-10-18T19:30:39.562+0000] {logging_mixin.py:190} INFO - Task instance is in running state
[2024-10-18T19:30:39.578+0000] {logging_mixin.py:190} INFO -  Previous state of the Task instance: queued
[2024-10-18T19:30:39.599+0000] {logging_mixin.py:190} INFO - Current task name:print_this_context state:running start_date:2024-10-18 19:30:39.119178+00:00
[2024-10-18T19:30:39.608+0000] {logging_mixin.py:190} INFO - Dag name:post_gres_dag and current dag run status:running
[2024-10-18T19:30:39.620+0000] {taskinstance.py:731} INFO - ::endgroup::
[2024-10-18T19:30:39.633+0000] {sql.py:266} INFO - Executing: CREATE TABLE IF NOT 
EXISTS my_books( id SERIAL PRIMARY KEY, title TEXT NOT NULL, pages INT);
[2024-10-18T19:30:39.655+0000] {base.py:84} INFO - Retrieving connection 'pg_db'
[2024-10-18T19:30:39.680+0000] {base.py:84} INFO - Retrieving connection 'pg_db'
[2024-10-18T19:30:39.693+0000] {sql.py:509} INFO - Running statement: CREATE TABLE IF NOT 
EXISTS my_books( id SERIAL PRIMARY KEY, title TEXT NOT NULL, pages INT);, parameters: None
[2024-10-18T19:30:39.769+0000] {taskinstance.py:340} INFO - ::group::Post task execution logs
[2024-10-18T19:30:39.785+0000] {taskinstance.py:352} INFO - Marking task as SUCCESS. dag_id=post_gres_dag, task_id=print_this_context, run_id=manual__2024-10-18T19:30:35.390321+00:00, execution_date=20241018T193035, start_date=20241018T193039, end_date=20241018T193039
[2024-10-18T19:30:39.825+0000] {logging_mixin.py:190} INFO - Task instance in success state
[2024-10-18T19:30:39.830+0000] {logging_mixin.py:190} INFO -  Previous state of the Task instance: running
[2024-10-18T19:30:39.838+0000] {logging_mixin.py:190} INFO - Dag name:post_gres_dag queued_at:2024-10-18 19:30:35.422290+00:00
[2024-10-18T19:30:39.845+0000] {logging_mixin.py:190} INFO - Task hostname:d004819e31a5 operator:PostgresOperator
[2024-10-18T19:30:39.875+0000] {local_task_job_runner.py:266} INFO - Task exited with return code 0
[2024-10-18T19:30:39.911+0000] {taskinstance.py:3900} INFO - 0 downstream tasks scheduled from follow-on schedule check
[2024-10-18T19:30:39.962+0000] {local_task_job_runner.py:245} INFO - ::endgroup::
