[2024-10-18T19:07:05.046+0000] {processor.py:186} INFO - Started process (PID=12849) to work on /opt/airflow/dags/post_gres.py
[2024-10-18T19:07:05.049+0000] {processor.py:914} INFO - Processing file /opt/airflow/dags/post_gres.py for tasks to queue
[2024-10-18T19:07:05.052+0000] {logging_mixin.py:190} INFO - [2024-10-18T19:07:05.051+0000] {dagbag.py:588} INFO - Filling up the DagBag from /opt/airflow/dags/post_gres.py
[2024-10-18T19:07:05.125+0000] {logging_mixin.py:190} INFO - [2024-10-18T19:07:05.114+0000] {dagbag.py:387} ERROR - Failed to import: /opt/airflow/dags/post_gres.py
Traceback (most recent call last):
  File "/home/airflow/.local/lib/python3.12/site-packages/airflow/models/dagbag.py", line 383, in parse
    loader.exec_module(new_module)
  File "<frozen importlib._bootstrap_external>", line 995, in exec_module
  File "<frozen importlib._bootstrap>", line 488, in _call_with_frames_removed
  File "/opt/airflow/dags/post_gres.py", line 15, in <module>
    run_this = PostgresOperator(task_id="print_this_context", python_callable=print_context, dag=dag,
               ^^^^^^^^^^^^^^^^^^^^^^^^^^^^^^^^^^^^^^^^^^^^^^^^^^^^^^^^^^^^^^^^^^^^^^^^^^^^^^^^^^^^^^
  File "/home/airflow/.local/lib/python3.12/site-packages/airflow/models/baseoperator.py", line 490, in apply_defaults
    result = func(self, **kwargs, default_args=default_args)
             ^^^^^^^^^^^^^^^^^^^^^^^^^^^^^^^^^^^^^^^^^^^^^^^
  File "/home/airflow/.local/lib/python3.12/site-packages/airflow/providers/postgres/operators/postgres.py", line 84, in __init__
    super().__init__(conn_id=postgres_conn_id, **kwargs)
  File "/home/airflow/.local/lib/python3.12/site-packages/airflow/models/baseoperator.py", line 473, in apply_defaults
    raise AirflowException(f"missing keyword argument {missing_args.pop()!r}")
airflow.exceptions.AirflowException: missing keyword argument 'sql'
[2024-10-18T19:07:05.137+0000] {processor.py:927} WARNING - No viable dags retrieved from /opt/airflow/dags/post_gres.py
[2024-10-18T19:07:05.161+0000] {processor.py:208} INFO - Processing /opt/airflow/dags/post_gres.py took 0.123 seconds
[2024-10-18T19:07:35.368+0000] {processor.py:186} INFO - Started process (PID=12913) to work on /opt/airflow/dags/post_gres.py
[2024-10-18T19:07:35.370+0000] {processor.py:914} INFO - Processing file /opt/airflow/dags/post_gres.py for tasks to queue
[2024-10-18T19:07:35.373+0000] {logging_mixin.py:190} INFO - [2024-10-18T19:07:35.373+0000] {dagbag.py:588} INFO - Filling up the DagBag from /opt/airflow/dags/post_gres.py
[2024-10-18T19:07:35.415+0000] {logging_mixin.py:190} INFO - [2024-10-18T19:07:35.406+0000] {dagbag.py:387} ERROR - Failed to import: /opt/airflow/dags/post_gres.py
Traceback (most recent call last):
  File "/home/airflow/.local/lib/python3.12/site-packages/airflow/models/dagbag.py", line 383, in parse
    loader.exec_module(new_module)
  File "<frozen importlib._bootstrap_external>", line 995, in exec_module
  File "<frozen importlib._bootstrap>", line 488, in _call_with_frames_removed
  File "/opt/airflow/dags/post_gres.py", line 15, in <module>
    run_this = PostgresOperator(task_id="print_this_context", python_callable=print_context, dag=dag,
               ^^^^^^^^^^^^^^^^^^^^^^^^^^^^^^^^^^^^^^^^^^^^^^^^^^^^^^^^^^^^^^^^^^^^^^^^^^^^^^^^^^^^^^
  File "/home/airflow/.local/lib/python3.12/site-packages/airflow/models/baseoperator.py", line 490, in apply_defaults
    result = func(self, **kwargs, default_args=default_args)
             ^^^^^^^^^^^^^^^^^^^^^^^^^^^^^^^^^^^^^^^^^^^^^^^
  File "/home/airflow/.local/lib/python3.12/site-packages/airflow/providers/postgres/operators/postgres.py", line 84, in __init__
    super().__init__(conn_id=postgres_conn_id, **kwargs)
  File "/home/airflow/.local/lib/python3.12/site-packages/airflow/models/baseoperator.py", line 473, in apply_defaults
    raise AirflowException(f"missing keyword argument {missing_args.pop()!r}")
airflow.exceptions.AirflowException: missing keyword argument 'sql'
[2024-10-18T19:07:35.417+0000] {processor.py:927} WARNING - No viable dags retrieved from /opt/airflow/dags/post_gres.py
[2024-10-18T19:07:35.449+0000] {processor.py:208} INFO - Processing /opt/airflow/dags/post_gres.py took 0.089 seconds
[2024-10-18T19:08:05.717+0000] {processor.py:186} INFO - Started process (PID=12977) to work on /opt/airflow/dags/post_gres.py
[2024-10-18T19:08:05.721+0000] {processor.py:914} INFO - Processing file /opt/airflow/dags/post_gres.py for tasks to queue
[2024-10-18T19:08:05.725+0000] {logging_mixin.py:190} INFO - [2024-10-18T19:08:05.724+0000] {dagbag.py:588} INFO - Filling up the DagBag from /opt/airflow/dags/post_gres.py
[2024-10-18T19:08:05.788+0000] {logging_mixin.py:190} INFO - [2024-10-18T19:08:05.777+0000] {dagbag.py:387} ERROR - Failed to import: /opt/airflow/dags/post_gres.py
Traceback (most recent call last):
  File "/home/airflow/.local/lib/python3.12/site-packages/airflow/models/dagbag.py", line 383, in parse
    loader.exec_module(new_module)
  File "<frozen importlib._bootstrap_external>", line 995, in exec_module
  File "<frozen importlib._bootstrap>", line 488, in _call_with_frames_removed
  File "/opt/airflow/dags/post_gres.py", line 15, in <module>
    run_this = PostgresOperator(task_id="print_this_context", python_callable=print_context, dag=dag,
               ^^^^^^^^^^^^^^^^^^^^^^^^^^^^^^^^^^^^^^^^^^^^^^^^^^^^^^^^^^^^^^^^^^^^^^^^^^^^^^^^^^^^^^
  File "/home/airflow/.local/lib/python3.12/site-packages/airflow/models/baseoperator.py", line 490, in apply_defaults
    result = func(self, **kwargs, default_args=default_args)
             ^^^^^^^^^^^^^^^^^^^^^^^^^^^^^^^^^^^^^^^^^^^^^^^
  File "/home/airflow/.local/lib/python3.12/site-packages/airflow/providers/postgres/operators/postgres.py", line 84, in __init__
    super().__init__(conn_id=postgres_conn_id, **kwargs)
  File "/home/airflow/.local/lib/python3.12/site-packages/airflow/models/baseoperator.py", line 473, in apply_defaults
    raise AirflowException(f"missing keyword argument {missing_args.pop()!r}")
airflow.exceptions.AirflowException: missing keyword argument 'sql'
[2024-10-18T19:08:05.790+0000] {processor.py:927} WARNING - No viable dags retrieved from /opt/airflow/dags/post_gres.py
[2024-10-18T19:08:05.815+0000] {processor.py:208} INFO - Processing /opt/airflow/dags/post_gres.py took 0.110 seconds
[2024-10-18T19:08:35.972+0000] {processor.py:186} INFO - Started process (PID=13041) to work on /opt/airflow/dags/post_gres.py
[2024-10-18T19:08:35.975+0000] {processor.py:914} INFO - Processing file /opt/airflow/dags/post_gres.py for tasks to queue
[2024-10-18T19:08:35.977+0000] {logging_mixin.py:190} INFO - [2024-10-18T19:08:35.977+0000] {dagbag.py:588} INFO - Filling up the DagBag from /opt/airflow/dags/post_gres.py
[2024-10-18T19:08:36.028+0000] {logging_mixin.py:190} INFO - [2024-10-18T19:08:36.019+0000] {dagbag.py:387} ERROR - Failed to import: /opt/airflow/dags/post_gres.py
Traceback (most recent call last):
  File "/home/airflow/.local/lib/python3.12/site-packages/airflow/models/dagbag.py", line 383, in parse
    loader.exec_module(new_module)
  File "<frozen importlib._bootstrap_external>", line 995, in exec_module
  File "<frozen importlib._bootstrap>", line 488, in _call_with_frames_removed
  File "/opt/airflow/dags/post_gres.py", line 15, in <module>
    run_this = PostgresOperator(task_id="print_this_context", python_callable=print_context, dag=dag,
               ^^^^^^^^^^^^^^^^^^^^^^^^^^^^^^^^^^^^^^^^^^^^^^^^^^^^^^^^^^^^^^^^^^^^^^^^^^^^^^^^^^^^^^
  File "/home/airflow/.local/lib/python3.12/site-packages/airflow/models/baseoperator.py", line 490, in apply_defaults
    result = func(self, **kwargs, default_args=default_args)
             ^^^^^^^^^^^^^^^^^^^^^^^^^^^^^^^^^^^^^^^^^^^^^^^
  File "/home/airflow/.local/lib/python3.12/site-packages/airflow/providers/postgres/operators/postgres.py", line 84, in __init__
    super().__init__(conn_id=postgres_conn_id, **kwargs)
  File "/home/airflow/.local/lib/python3.12/site-packages/airflow/models/baseoperator.py", line 473, in apply_defaults
    raise AirflowException(f"missing keyword argument {missing_args.pop()!r}")
airflow.exceptions.AirflowException: missing keyword argument 'sql'
[2024-10-18T19:08:36.030+0000] {processor.py:927} WARNING - No viable dags retrieved from /opt/airflow/dags/post_gres.py
[2024-10-18T19:08:36.059+0000] {processor.py:208} INFO - Processing /opt/airflow/dags/post_gres.py took 0.096 seconds
[2024-10-18T19:09:06.155+0000] {processor.py:186} INFO - Started process (PID=13105) to work on /opt/airflow/dags/post_gres.py
[2024-10-18T19:09:06.157+0000] {processor.py:914} INFO - Processing file /opt/airflow/dags/post_gres.py for tasks to queue
[2024-10-18T19:09:06.159+0000] {logging_mixin.py:190} INFO - [2024-10-18T19:09:06.159+0000] {dagbag.py:588} INFO - Filling up the DagBag from /opt/airflow/dags/post_gres.py
[2024-10-18T19:09:06.199+0000] {logging_mixin.py:190} INFO - [2024-10-18T19:09:06.191+0000] {dagbag.py:387} ERROR - Failed to import: /opt/airflow/dags/post_gres.py
Traceback (most recent call last):
  File "/home/airflow/.local/lib/python3.12/site-packages/airflow/models/dagbag.py", line 383, in parse
    loader.exec_module(new_module)
  File "<frozen importlib._bootstrap_external>", line 995, in exec_module
  File "<frozen importlib._bootstrap>", line 488, in _call_with_frames_removed
  File "/opt/airflow/dags/post_gres.py", line 15, in <module>
    run_this = PostgresOperator(task_id="print_this_context", python_callable=print_context, dag=dag,
               ^^^^^^^^^^^^^^^^^^^^^^^^^^^^^^^^^^^^^^^^^^^^^^^^^^^^^^^^^^^^^^^^^^^^^^^^^^^^^^^^^^^^^^
  File "/home/airflow/.local/lib/python3.12/site-packages/airflow/models/baseoperator.py", line 490, in apply_defaults
    result = func(self, **kwargs, default_args=default_args)
             ^^^^^^^^^^^^^^^^^^^^^^^^^^^^^^^^^^^^^^^^^^^^^^^
  File "/home/airflow/.local/lib/python3.12/site-packages/airflow/providers/postgres/operators/postgres.py", line 84, in __init__
    super().__init__(conn_id=postgres_conn_id, **kwargs)
  File "/home/airflow/.local/lib/python3.12/site-packages/airflow/models/baseoperator.py", line 473, in apply_defaults
    raise AirflowException(f"missing keyword argument {missing_args.pop()!r}")
airflow.exceptions.AirflowException: missing keyword argument 'sql'
[2024-10-18T19:09:06.200+0000] {processor.py:927} WARNING - No viable dags retrieved from /opt/airflow/dags/post_gres.py
[2024-10-18T19:09:06.229+0000] {processor.py:208} INFO - Processing /opt/airflow/dags/post_gres.py took 0.079 seconds
[2024-10-18T19:09:36.977+0000] {processor.py:186} INFO - Started process (PID=13168) to work on /opt/airflow/dags/post_gres.py
[2024-10-18T19:09:36.982+0000] {processor.py:914} INFO - Processing file /opt/airflow/dags/post_gres.py for tasks to queue
[2024-10-18T19:09:36.985+0000] {logging_mixin.py:190} INFO - [2024-10-18T19:09:36.984+0000] {dagbag.py:588} INFO - Filling up the DagBag from /opt/airflow/dags/post_gres.py
[2024-10-18T19:09:37.035+0000] {logging_mixin.py:190} INFO - [2024-10-18T19:09:37.020+0000] {dagbag.py:387} ERROR - Failed to import: /opt/airflow/dags/post_gres.py
Traceback (most recent call last):
  File "/home/airflow/.local/lib/python3.12/site-packages/airflow/models/dagbag.py", line 383, in parse
    loader.exec_module(new_module)
  File "<frozen importlib._bootstrap_external>", line 995, in exec_module
  File "<frozen importlib._bootstrap>", line 488, in _call_with_frames_removed
  File "/opt/airflow/dags/post_gres.py", line 15, in <module>
    run_this = PostgresOperator(task_id="print_this_context", python_callable=print_context, dag=dag,
               ^^^^^^^^^^^^^^^^^^^^^^^^^^^^^^^^^^^^^^^^^^^^^^^^^^^^^^^^^^^^^^^^^^^^^^^^^^^^^^^^^^^^^^
  File "/home/airflow/.local/lib/python3.12/site-packages/airflow/models/baseoperator.py", line 490, in apply_defaults
    result = func(self, **kwargs, default_args=default_args)
             ^^^^^^^^^^^^^^^^^^^^^^^^^^^^^^^^^^^^^^^^^^^^^^^
  File "/home/airflow/.local/lib/python3.12/site-packages/airflow/providers/postgres/operators/postgres.py", line 84, in __init__
    super().__init__(conn_id=postgres_conn_id, **kwargs)
  File "/home/airflow/.local/lib/python3.12/site-packages/airflow/models/baseoperator.py", line 473, in apply_defaults
    raise AirflowException(f"missing keyword argument {missing_args.pop()!r}")
airflow.exceptions.AirflowException: missing keyword argument 'sql'
[2024-10-18T19:09:37.038+0000] {processor.py:927} WARNING - No viable dags retrieved from /opt/airflow/dags/post_gres.py
[2024-10-18T19:09:37.077+0000] {processor.py:208} INFO - Processing /opt/airflow/dags/post_gres.py took 0.112 seconds
[2024-10-18T19:10:07.853+0000] {processor.py:186} INFO - Started process (PID=13238) to work on /opt/airflow/dags/post_gres.py
[2024-10-18T19:10:07.856+0000] {processor.py:914} INFO - Processing file /opt/airflow/dags/post_gres.py for tasks to queue
[2024-10-18T19:10:07.859+0000] {logging_mixin.py:190} INFO - [2024-10-18T19:10:07.858+0000] {dagbag.py:588} INFO - Filling up the DagBag from /opt/airflow/dags/post_gres.py
[2024-10-18T19:10:07.910+0000] {logging_mixin.py:190} INFO - [2024-10-18T19:10:07.900+0000] {dagbag.py:387} ERROR - Failed to import: /opt/airflow/dags/post_gres.py
Traceback (most recent call last):
  File "/home/airflow/.local/lib/python3.12/site-packages/airflow/models/dagbag.py", line 383, in parse
    loader.exec_module(new_module)
  File "<frozen importlib._bootstrap_external>", line 995, in exec_module
  File "<frozen importlib._bootstrap>", line 488, in _call_with_frames_removed
  File "/opt/airflow/dags/post_gres.py", line 15, in <module>
    run_this = PostgresOperator(task_id="print_this_context", python_callable=print_context, dag=dag,
               ^^^^^^^^^^^^^^^^^^^^^^^^^^^^^^^^^^^^^^^^^^^^^^^^^^^^^^^^^^^^^^^^^^^^^^^^^^^^^^^^^^^^^^
  File "/home/airflow/.local/lib/python3.12/site-packages/airflow/models/baseoperator.py", line 490, in apply_defaults
    result = func(self, **kwargs, default_args=default_args)
             ^^^^^^^^^^^^^^^^^^^^^^^^^^^^^^^^^^^^^^^^^^^^^^^
  File "/home/airflow/.local/lib/python3.12/site-packages/airflow/providers/postgres/operators/postgres.py", line 84, in __init__
    super().__init__(conn_id=postgres_conn_id, **kwargs)
  File "/home/airflow/.local/lib/python3.12/site-packages/airflow/models/baseoperator.py", line 473, in apply_defaults
    raise AirflowException(f"missing keyword argument {missing_args.pop()!r}")
airflow.exceptions.AirflowException: missing keyword argument 'sql'
[2024-10-18T19:10:07.912+0000] {processor.py:927} WARNING - No viable dags retrieved from /opt/airflow/dags/post_gres.py
[2024-10-18T19:10:07.945+0000] {processor.py:208} INFO - Processing /opt/airflow/dags/post_gres.py took 0.101 seconds
[2024-10-18T19:10:10.788+0000] {processor.py:186} INFO - Started process (PID=13250) to work on /opt/airflow/dags/post_gres.py
[2024-10-18T19:10:10.790+0000] {processor.py:914} INFO - Processing file /opt/airflow/dags/post_gres.py for tasks to queue
[2024-10-18T19:10:10.792+0000] {logging_mixin.py:190} INFO - [2024-10-18T19:10:10.792+0000] {dagbag.py:588} INFO - Filling up the DagBag from /opt/airflow/dags/post_gres.py
[2024-10-18T19:10:10.848+0000] {logging_mixin.py:190} INFO - [2024-10-18T19:10:10.843+0000] {dagbag.py:387} ERROR - Failed to import: /opt/airflow/dags/post_gres.py
Traceback (most recent call last):
  File "/home/airflow/.local/lib/python3.12/site-packages/airflow/models/dagbag.py", line 383, in parse
    loader.exec_module(new_module)
  File "<frozen importlib._bootstrap_external>", line 995, in exec_module
  File "<frozen importlib._bootstrap>", line 488, in _call_with_frames_removed
  File "/opt/airflow/dags/post_gres.py", line 15, in <module>
    create_table = PostgresOperator(task_id="print_this_context", python_callable=print_context, dag=dag,
                   ^^^^^^^^^^^^^^^^^^^^^^^^^^^^^^^^^^^^^^^^^^^^^^^^^^^^^^^^^^^^^^^^^^^^^^^^^^^^^^^^^^^^^^
  File "/home/airflow/.local/lib/python3.12/site-packages/airflow/models/baseoperator.py", line 490, in apply_defaults
    result = func(self, **kwargs, default_args=default_args)
             ^^^^^^^^^^^^^^^^^^^^^^^^^^^^^^^^^^^^^^^^^^^^^^^
  File "/home/airflow/.local/lib/python3.12/site-packages/airflow/providers/postgres/operators/postgres.py", line 84, in __init__
    super().__init__(conn_id=postgres_conn_id, **kwargs)
  File "/home/airflow/.local/lib/python3.12/site-packages/airflow/models/baseoperator.py", line 473, in apply_defaults
    raise AirflowException(f"missing keyword argument {missing_args.pop()!r}")
airflow.exceptions.AirflowException: missing keyword argument 'sql'
[2024-10-18T19:10:10.849+0000] {processor.py:927} WARNING - No viable dags retrieved from /opt/airflow/dags/post_gres.py
[2024-10-18T19:10:10.875+0000] {processor.py:208} INFO - Processing /opt/airflow/dags/post_gres.py took 0.095 seconds
[2024-10-18T19:10:41.206+0000] {processor.py:186} INFO - Started process (PID=13310) to work on /opt/airflow/dags/post_gres.py
[2024-10-18T19:10:41.211+0000] {processor.py:914} INFO - Processing file /opt/airflow/dags/post_gres.py for tasks to queue
[2024-10-18T19:10:41.215+0000] {logging_mixin.py:190} INFO - [2024-10-18T19:10:41.215+0000] {dagbag.py:588} INFO - Filling up the DagBag from /opt/airflow/dags/post_gres.py
[2024-10-18T19:10:41.287+0000] {logging_mixin.py:190} INFO - [2024-10-18T19:10:41.270+0000] {dagbag.py:387} ERROR - Failed to import: /opt/airflow/dags/post_gres.py
Traceback (most recent call last):
  File "/home/airflow/.local/lib/python3.12/site-packages/airflow/models/dagbag.py", line 383, in parse
    loader.exec_module(new_module)
  File "<frozen importlib._bootstrap_external>", line 995, in exec_module
  File "<frozen importlib._bootstrap>", line 488, in _call_with_frames_removed
  File "/opt/airflow/dags/post_gres.py", line 15, in <module>
    create_table = PostgresOperator(task_id="print_this_context", python_callable=print_context, dag=dag,
                   ^^^^^^^^^^^^^^^^^^^^^^^^^^^^^^^^^^^^^^^^^^^^^^^^^^^^^^^^^^^^^^^^^^^^^^^^^^^^^^^^^^^^^^
  File "/home/airflow/.local/lib/python3.12/site-packages/airflow/models/baseoperator.py", line 490, in apply_defaults
    result = func(self, **kwargs, default_args=default_args)
             ^^^^^^^^^^^^^^^^^^^^^^^^^^^^^^^^^^^^^^^^^^^^^^^
  File "/home/airflow/.local/lib/python3.12/site-packages/airflow/providers/postgres/operators/postgres.py", line 84, in __init__
    super().__init__(conn_id=postgres_conn_id, **kwargs)
  File "/home/airflow/.local/lib/python3.12/site-packages/airflow/models/baseoperator.py", line 473, in apply_defaults
    raise AirflowException(f"missing keyword argument {missing_args.pop()!r}")
airflow.exceptions.AirflowException: missing keyword argument 'sql'
[2024-10-18T19:10:41.289+0000] {processor.py:927} WARNING - No viable dags retrieved from /opt/airflow/dags/post_gres.py
[2024-10-18T19:10:41.324+0000] {processor.py:208} INFO - Processing /opt/airflow/dags/post_gres.py took 0.126 seconds
[2024-10-18T19:10:53.314+0000] {processor.py:186} INFO - Started process (PID=13342) to work on /opt/airflow/dags/post_gres.py
[2024-10-18T19:10:53.318+0000] {processor.py:914} INFO - Processing file /opt/airflow/dags/post_gres.py for tasks to queue
[2024-10-18T19:10:53.323+0000] {logging_mixin.py:190} INFO - [2024-10-18T19:10:53.323+0000] {dagbag.py:588} INFO - Filling up the DagBag from /opt/airflow/dags/post_gres.py
[2024-10-18T19:10:53.372+0000] {logging_mixin.py:190} INFO - [2024-10-18T19:10:53.371+0000] {dagbag.py:387} ERROR - Failed to import: /opt/airflow/dags/post_gres.py
Traceback (most recent call last):
  File "/home/airflow/.local/lib/python3.12/site-packages/airflow/models/dagbag.py", line 383, in parse
    loader.exec_module(new_module)
  File "<frozen importlib._bootstrap_external>", line 991, in exec_module
  File "<frozen importlib._bootstrap_external>", line 1129, in get_code
  File "<frozen importlib._bootstrap_external>", line 1059, in source_to_code
  File "<frozen importlib._bootstrap>", line 488, in _call_with_frames_removed
  File "/opt/airflow/dags/post_gres.py", line 15
    create_table = PostgresOperator(task_id="print_this_context", postgres_conn_id="books",sql=})
                                                                                               ^
SyntaxError: closing parenthesis '}' does not match opening parenthesis '('
[2024-10-18T19:10:53.375+0000] {processor.py:927} WARNING - No viable dags retrieved from /opt/airflow/dags/post_gres.py
[2024-10-18T19:10:53.402+0000] {processor.py:208} INFO - Processing /opt/airflow/dags/post_gres.py took 0.098 seconds
[2024-10-18T19:11:23.889+0000] {processor.py:186} INFO - Started process (PID=13406) to work on /opt/airflow/dags/post_gres.py
[2024-10-18T19:11:23.892+0000] {processor.py:914} INFO - Processing file /opt/airflow/dags/post_gres.py for tasks to queue
[2024-10-18T19:11:23.897+0000] {logging_mixin.py:190} INFO - [2024-10-18T19:11:23.894+0000] {dagbag.py:588} INFO - Filling up the DagBag from /opt/airflow/dags/post_gres.py
[2024-10-18T19:11:23.921+0000] {logging_mixin.py:190} INFO - [2024-10-18T19:11:23.920+0000] {dagbag.py:387} ERROR - Failed to import: /opt/airflow/dags/post_gres.py
Traceback (most recent call last):
  File "/home/airflow/.local/lib/python3.12/site-packages/airflow/models/dagbag.py", line 383, in parse
    loader.exec_module(new_module)
  File "<frozen importlib._bootstrap_external>", line 991, in exec_module
  File "<frozen importlib._bootstrap_external>", line 1129, in get_code
  File "<frozen importlib._bootstrap_external>", line 1059, in source_to_code
  File "<frozen importlib._bootstrap>", line 488, in _call_with_frames_removed
  File "/opt/airflow/dags/post_gres.py", line 15
    create_table = PostgresOperator(task_id="print_this_context", postgres_conn_id="books",sql=})
                                                                                               ^
SyntaxError: closing parenthesis '}' does not match opening parenthesis '('
[2024-10-18T19:11:23.923+0000] {processor.py:927} WARNING - No viable dags retrieved from /opt/airflow/dags/post_gres.py
[2024-10-18T19:11:23.956+0000] {processor.py:208} INFO - Processing /opt/airflow/dags/post_gres.py took 0.073 seconds
[2024-10-18T19:11:41.285+0000] {processor.py:186} INFO - Started process (PID=13434) to work on /opt/airflow/dags/post_gres.py
[2024-10-18T19:11:41.287+0000] {processor.py:914} INFO - Processing file /opt/airflow/dags/post_gres.py for tasks to queue
[2024-10-18T19:11:41.290+0000] {logging_mixin.py:190} INFO - [2024-10-18T19:11:41.290+0000] {dagbag.py:588} INFO - Filling up the DagBag from /opt/airflow/dags/post_gres.py
[2024-10-18T19:11:41.396+0000] {logging_mixin.py:190} INFO - [2024-10-18T19:11:41.394+0000] {dagbag.py:387} ERROR - Failed to import: /opt/airflow/dags/post_gres.py
Traceback (most recent call last):
  File "/home/airflow/.local/lib/python3.12/site-packages/airflow/models/dagbag.py", line 383, in parse
    loader.exec_module(new_module)
  File "<frozen importlib._bootstrap_external>", line 991, in exec_module
  File "<frozen importlib._bootstrap_external>", line 1129, in get_code
  File "<frozen importlib._bootstrap_external>", line 1059, in source_to_code
  File "<frozen importlib._bootstrap>", line 488, in _call_with_frames_removed
  File "/opt/airflow/dags/post_gres.py", line 18
    """})
       ^
SyntaxError: closing parenthesis '}' does not match opening parenthesis '(' on line 15
[2024-10-18T19:11:41.399+0000] {processor.py:927} WARNING - No viable dags retrieved from /opt/airflow/dags/post_gres.py
[2024-10-18T19:11:41.443+0000] {processor.py:208} INFO - Processing /opt/airflow/dags/post_gres.py took 0.170 seconds
[2024-10-18T19:12:03.497+0000] {processor.py:186} INFO - Started process (PID=13483) to work on /opt/airflow/dags/post_gres.py
[2024-10-18T19:12:03.499+0000] {processor.py:914} INFO - Processing file /opt/airflow/dags/post_gres.py for tasks to queue
[2024-10-18T19:12:03.501+0000] {logging_mixin.py:190} INFO - [2024-10-18T19:12:03.501+0000] {dagbag.py:588} INFO - Filling up the DagBag from /opt/airflow/dags/post_gres.py
[2024-10-18T19:12:03.517+0000] {logging_mixin.py:190} INFO - [2024-10-18T19:12:03.516+0000] {dagbag.py:387} ERROR - Failed to import: /opt/airflow/dags/post_gres.py
Traceback (most recent call last):
  File "/home/airflow/.local/lib/python3.12/site-packages/airflow/models/dagbag.py", line 383, in parse
    loader.exec_module(new_module)
  File "<frozen importlib._bootstrap_external>", line 991, in exec_module
  File "<frozen importlib._bootstrap_external>", line 1129, in get_code
  File "<frozen importlib._bootstrap_external>", line 1059, in source_to_code
  File "<frozen importlib._bootstrap>", line 488, in _call_with_frames_removed
  File "/opt/airflow/dags/post_gres.py", line 18
    """})
       ^
SyntaxError: closing parenthesis '}' does not match opening parenthesis '(' on line 15
[2024-10-18T19:12:03.518+0000] {processor.py:927} WARNING - No viable dags retrieved from /opt/airflow/dags/post_gres.py
[2024-10-18T19:12:03.544+0000] {processor.py:208} INFO - Processing /opt/airflow/dags/post_gres.py took 0.057 seconds
[2024-10-18T19:12:23.812+0000] {processor.py:186} INFO - Started process (PID=13535) to work on /opt/airflow/dags/post_gres.py
[2024-10-18T19:12:23.816+0000] {processor.py:914} INFO - Processing file /opt/airflow/dags/post_gres.py for tasks to queue
[2024-10-18T19:12:23.825+0000] {logging_mixin.py:190} INFO - [2024-10-18T19:12:23.823+0000] {dagbag.py:588} INFO - Filling up the DagBag from /opt/airflow/dags/post_gres.py
[2024-10-18T19:12:23.933+0000] {logging_mixin.py:190} INFO - [2024-10-18T19:12:23.928+0000] {dagbag.py:387} ERROR - Failed to import: /opt/airflow/dags/post_gres.py
Traceback (most recent call last):
  File "/home/airflow/.local/lib/python3.12/site-packages/airflow/models/dagbag.py", line 383, in parse
    loader.exec_module(new_module)
  File "<frozen importlib._bootstrap_external>", line 991, in exec_module
  File "<frozen importlib._bootstrap_external>", line 1129, in get_code
  File "<frozen importlib._bootstrap_external>", line 1059, in source_to_code
  File "<frozen importlib._bootstrap>", line 488, in _call_with_frames_removed
  File "/opt/airflow/dags/post_gres.py", line 18
    """})
       ^
SyntaxError: closing parenthesis '}' does not match opening parenthesis '(' on line 15
[2024-10-18T19:12:23.938+0000] {processor.py:927} WARNING - No viable dags retrieved from /opt/airflow/dags/post_gres.py
[2024-10-18T19:12:24.000+0000] {processor.py:208} INFO - Processing /opt/airflow/dags/post_gres.py took 0.202 seconds
[2024-10-18T19:12:53.736+0000] {processor.py:186} INFO - Started process (PID=13597) to work on /opt/airflow/dags/post_gres.py
[2024-10-18T19:12:53.742+0000] {processor.py:914} INFO - Processing file /opt/airflow/dags/post_gres.py for tasks to queue
[2024-10-18T19:12:53.746+0000] {logging_mixin.py:190} INFO - [2024-10-18T19:12:53.745+0000] {dagbag.py:588} INFO - Filling up the DagBag from /opt/airflow/dags/post_gres.py
[2024-10-18T19:12:53.792+0000] {logging_mixin.py:190} INFO - [2024-10-18T19:12:53.790+0000] {dagbag.py:387} ERROR - Failed to import: /opt/airflow/dags/post_gres.py
Traceback (most recent call last):
  File "/home/airflow/.local/lib/python3.12/site-packages/airflow/models/dagbag.py", line 383, in parse
    loader.exec_module(new_module)
  File "<frozen importlib._bootstrap_external>", line 991, in exec_module
  File "<frozen importlib._bootstrap_external>", line 1129, in get_code
  File "<frozen importlib._bootstrap_external>", line 1059, in source_to_code
  File "<frozen importlib._bootstrap>", line 488, in _call_with_frames_removed
  File "/opt/airflow/dags/post_gres.py", line 18
    """})
       ^
SyntaxError: closing parenthesis '}' does not match opening parenthesis '(' on line 15
[2024-10-18T19:12:53.794+0000] {processor.py:927} WARNING - No viable dags retrieved from /opt/airflow/dags/post_gres.py
[2024-10-18T19:12:53.835+0000] {processor.py:208} INFO - Processing /opt/airflow/dags/post_gres.py took 0.107 seconds
[2024-10-18T19:13:24.873+0000] {processor.py:186} INFO - Started process (PID=13661) to work on /opt/airflow/dags/post_gres.py
[2024-10-18T19:13:24.875+0000] {processor.py:914} INFO - Processing file /opt/airflow/dags/post_gres.py for tasks to queue
[2024-10-18T19:13:24.876+0000] {logging_mixin.py:190} INFO - [2024-10-18T19:13:24.876+0000] {dagbag.py:588} INFO - Filling up the DagBag from /opt/airflow/dags/post_gres.py
[2024-10-18T19:13:24.895+0000] {logging_mixin.py:190} INFO - [2024-10-18T19:13:24.894+0000] {dagbag.py:387} ERROR - Failed to import: /opt/airflow/dags/post_gres.py
Traceback (most recent call last):
  File "/home/airflow/.local/lib/python3.12/site-packages/airflow/models/dagbag.py", line 383, in parse
    loader.exec_module(new_module)
  File "<frozen importlib._bootstrap_external>", line 991, in exec_module
  File "<frozen importlib._bootstrap_external>", line 1129, in get_code
  File "<frozen importlib._bootstrap_external>", line 1059, in source_to_code
  File "<frozen importlib._bootstrap>", line 488, in _call_with_frames_removed
  File "/opt/airflow/dags/post_gres.py", line 18
    """})
       ^
SyntaxError: closing parenthesis '}' does not match opening parenthesis '(' on line 15
[2024-10-18T19:13:24.897+0000] {processor.py:927} WARNING - No viable dags retrieved from /opt/airflow/dags/post_gres.py
[2024-10-18T19:13:24.915+0000] {processor.py:208} INFO - Processing /opt/airflow/dags/post_gres.py took 0.047 seconds
[2024-10-18T19:13:55.167+0000] {processor.py:186} INFO - Started process (PID=13725) to work on /opt/airflow/dags/post_gres.py
[2024-10-18T19:13:55.169+0000] {processor.py:914} INFO - Processing file /opt/airflow/dags/post_gres.py for tasks to queue
[2024-10-18T19:13:55.171+0000] {logging_mixin.py:190} INFO - [2024-10-18T19:13:55.171+0000] {dagbag.py:588} INFO - Filling up the DagBag from /opt/airflow/dags/post_gres.py
[2024-10-18T19:13:55.192+0000] {logging_mixin.py:190} INFO - [2024-10-18T19:13:55.191+0000] {dagbag.py:387} ERROR - Failed to import: /opt/airflow/dags/post_gres.py
Traceback (most recent call last):
  File "/home/airflow/.local/lib/python3.12/site-packages/airflow/models/dagbag.py", line 383, in parse
    loader.exec_module(new_module)
  File "<frozen importlib._bootstrap_external>", line 991, in exec_module
  File "<frozen importlib._bootstrap_external>", line 1129, in get_code
  File "<frozen importlib._bootstrap_external>", line 1059, in source_to_code
  File "<frozen importlib._bootstrap>", line 488, in _call_with_frames_removed
  File "/opt/airflow/dags/post_gres.py", line 18
    """})
       ^
SyntaxError: closing parenthesis '}' does not match opening parenthesis '(' on line 15
[2024-10-18T19:13:55.193+0000] {processor.py:927} WARNING - No viable dags retrieved from /opt/airflow/dags/post_gres.py
[2024-10-18T19:13:55.211+0000] {processor.py:208} INFO - Processing /opt/airflow/dags/post_gres.py took 0.048 seconds
[2024-10-18T19:14:26.087+0000] {processor.py:186} INFO - Started process (PID=13789) to work on /opt/airflow/dags/post_gres.py
[2024-10-18T19:14:26.089+0000] {processor.py:914} INFO - Processing file /opt/airflow/dags/post_gres.py for tasks to queue
[2024-10-18T19:14:26.091+0000] {logging_mixin.py:190} INFO - [2024-10-18T19:14:26.091+0000] {dagbag.py:588} INFO - Filling up the DagBag from /opt/airflow/dags/post_gres.py
[2024-10-18T19:14:26.124+0000] {logging_mixin.py:190} INFO - [2024-10-18T19:14:26.123+0000] {dagbag.py:387} ERROR - Failed to import: /opt/airflow/dags/post_gres.py
Traceback (most recent call last):
  File "/home/airflow/.local/lib/python3.12/site-packages/airflow/models/dagbag.py", line 383, in parse
    loader.exec_module(new_module)
  File "<frozen importlib._bootstrap_external>", line 991, in exec_module
  File "<frozen importlib._bootstrap_external>", line 1129, in get_code
  File "<frozen importlib._bootstrap_external>", line 1059, in source_to_code
  File "<frozen importlib._bootstrap>", line 488, in _call_with_frames_removed
  File "/opt/airflow/dags/post_gres.py", line 18
    """})
       ^
SyntaxError: closing parenthesis '}' does not match opening parenthesis '(' on line 15
[2024-10-18T19:14:26.125+0000] {processor.py:927} WARNING - No viable dags retrieved from /opt/airflow/dags/post_gres.py
[2024-10-18T19:14:26.143+0000] {processor.py:208} INFO - Processing /opt/airflow/dags/post_gres.py took 0.062 seconds
[2024-10-18T19:14:40.877+0000] {processor.py:186} INFO - Started process (PID=13814) to work on /opt/airflow/dags/post_gres.py
[2024-10-18T19:14:40.879+0000] {processor.py:914} INFO - Processing file /opt/airflow/dags/post_gres.py for tasks to queue
[2024-10-18T19:14:40.880+0000] {logging_mixin.py:190} INFO - [2024-10-18T19:14:40.880+0000] {dagbag.py:588} INFO - Filling up the DagBag from /opt/airflow/dags/post_gres.py
[2024-10-18T19:14:40.896+0000] {logging_mixin.py:190} INFO - [2024-10-18T19:14:40.895+0000] {dagbag.py:387} ERROR - Failed to import: /opt/airflow/dags/post_gres.py
Traceback (most recent call last):
  File "/home/airflow/.local/lib/python3.12/site-packages/airflow/models/dagbag.py", line 383, in parse
    loader.exec_module(new_module)
  File "<frozen importlib._bootstrap_external>", line 991, in exec_module
  File "<frozen importlib._bootstrap_external>", line 1129, in get_code
  File "<frozen importlib._bootstrap_external>", line 1059, in source_to_code
  File "<frozen importlib._bootstrap>", line 488, in _call_with_frames_removed
  File "/opt/airflow/dags/post_gres.py", line 15
    create_table = PostgresOperator(task_id="print_this_context", postgres_conn_id="books",sql="""CREATE TABLE IF NOT EXISTS my_books( id SERIAL PRIMARY KEY, title TEXT NOTNULL, pages INT)"""})
                                                                                                                                                                                               ^
SyntaxError: closing parenthesis '}' does not match opening parenthesis '('
[2024-10-18T19:14:40.897+0000] {processor.py:927} WARNING - No viable dags retrieved from /opt/airflow/dags/post_gres.py
[2024-10-18T19:14:40.911+0000] {processor.py:208} INFO - Processing /opt/airflow/dags/post_gres.py took 0.039 seconds
[2024-10-18T19:14:52.768+0000] {processor.py:186} INFO - Started process (PID=13846) to work on /opt/airflow/dags/post_gres.py
[2024-10-18T19:14:52.769+0000] {processor.py:914} INFO - Processing file /opt/airflow/dags/post_gres.py for tasks to queue
[2024-10-18T19:14:52.770+0000] {logging_mixin.py:190} INFO - [2024-10-18T19:14:52.770+0000] {dagbag.py:588} INFO - Filling up the DagBag from /opt/airflow/dags/post_gres.py
[2024-10-18T19:14:52.783+0000] {logging_mixin.py:190} INFO - [2024-10-18T19:14:52.782+0000] {dagbag.py:387} ERROR - Failed to import: /opt/airflow/dags/post_gres.py
Traceback (most recent call last):
  File "/home/airflow/.local/lib/python3.12/site-packages/airflow/models/dagbag.py", line 383, in parse
    loader.exec_module(new_module)
  File "<frozen importlib._bootstrap_external>", line 991, in exec_module
  File "<frozen importlib._bootstrap_external>", line 1129, in get_code
  File "<frozen importlib._bootstrap_external>", line 1059, in source_to_code
  File "<frozen importlib._bootstrap>", line 488, in _call_with_frames_removed
  File "/opt/airflow/dags/post_gres.py", line 15
    create_table = PostgresOperator(task_id="print_this_context", postgres_conn_id="books",sql="""CREATE TABLE IF NOT EXISTS my_books( id SERIAL PRIMARY KEY, title TEXT NOTNULL, pages INT);"""})
                                                                                                                                                                                                ^
SyntaxError: closing parenthesis '}' does not match opening parenthesis '('
[2024-10-18T19:14:52.784+0000] {processor.py:927} WARNING - No viable dags retrieved from /opt/airflow/dags/post_gres.py
[2024-10-18T19:14:52.812+0000] {processor.py:208} INFO - Processing /opt/airflow/dags/post_gres.py took 0.049 seconds
[2024-10-18T19:15:23.004+0000] {processor.py:186} INFO - Started process (PID=13906) to work on /opt/airflow/dags/post_gres.py
[2024-10-18T19:15:23.005+0000] {processor.py:914} INFO - Processing file /opt/airflow/dags/post_gres.py for tasks to queue
[2024-10-18T19:15:23.007+0000] {logging_mixin.py:190} INFO - [2024-10-18T19:15:23.007+0000] {dagbag.py:588} INFO - Filling up the DagBag from /opt/airflow/dags/post_gres.py
[2024-10-18T19:15:23.037+0000] {logging_mixin.py:190} INFO - [2024-10-18T19:15:23.036+0000] {dagbag.py:387} ERROR - Failed to import: /opt/airflow/dags/post_gres.py
Traceback (most recent call last):
  File "/home/airflow/.local/lib/python3.12/site-packages/airflow/models/dagbag.py", line 383, in parse
    loader.exec_module(new_module)
  File "<frozen importlib._bootstrap_external>", line 991, in exec_module
  File "<frozen importlib._bootstrap_external>", line 1129, in get_code
  File "<frozen importlib._bootstrap_external>", line 1059, in source_to_code
  File "<frozen importlib._bootstrap>", line 488, in _call_with_frames_removed
  File "/opt/airflow/dags/post_gres.py", line 15
    create_table = PostgresOperator(task_id="print_this_context", postgres_conn_id="books",sql="""CREATE TABLE IF NOT EXISTS my_books( id SERIAL PRIMARY KEY, title TEXT NOTNULL, pages INT);"""})
                                                                                                                                                                                                ^
SyntaxError: closing parenthesis '}' does not match opening parenthesis '('
[2024-10-18T19:15:23.038+0000] {processor.py:927} WARNING - No viable dags retrieved from /opt/airflow/dags/post_gres.py
[2024-10-18T19:15:23.061+0000] {processor.py:208} INFO - Processing /opt/airflow/dags/post_gres.py took 0.062 seconds
[2024-10-18T19:15:39.033+0000] {processor.py:186} INFO - Started process (PID=13940) to work on /opt/airflow/dags/post_gres.py
[2024-10-18T19:15:39.035+0000] {processor.py:914} INFO - Processing file /opt/airflow/dags/post_gres.py for tasks to queue
[2024-10-18T19:15:39.037+0000] {logging_mixin.py:190} INFO - [2024-10-18T19:15:39.036+0000] {dagbag.py:588} INFO - Filling up the DagBag from /opt/airflow/dags/post_gres.py
[2024-10-18T19:15:39.086+0000] {processor.py:925} INFO - DAG(s) 'post_gres_dag' retrieved from /opt/airflow/dags/post_gres.py
[2024-10-18T19:15:39.163+0000] {logging_mixin.py:190} INFO - [2024-10-18T19:15:39.163+0000] {override.py:1900} INFO - Created Permission View: can read on DAG:post_gres_dag
[2024-10-18T19:15:39.174+0000] {logging_mixin.py:190} INFO - [2024-10-18T19:15:39.173+0000] {override.py:1900} INFO - Created Permission View: can delete on DAG:post_gres_dag
[2024-10-18T19:15:39.181+0000] {logging_mixin.py:190} INFO - [2024-10-18T19:15:39.181+0000] {override.py:1900} INFO - Created Permission View: can edit on DAG:post_gres_dag
[2024-10-18T19:15:39.190+0000] {logging_mixin.py:190} INFO - [2024-10-18T19:15:39.190+0000] {override.py:1900} INFO - Created Permission View: can read on DAG Run:post_gres_dag
[2024-10-18T19:15:39.196+0000] {logging_mixin.py:190} INFO - [2024-10-18T19:15:39.196+0000] {override.py:1900} INFO - Created Permission View: can create on DAG Run:post_gres_dag
[2024-10-18T19:15:39.202+0000] {logging_mixin.py:190} INFO - [2024-10-18T19:15:39.201+0000] {override.py:1900} INFO - Created Permission View: can delete on DAG Run:post_gres_dag
[2024-10-18T19:15:39.208+0000] {logging_mixin.py:190} INFO - [2024-10-18T19:15:39.208+0000] {override.py:1900} INFO - Created Permission View: menu access on DAG Run:post_gres_dag
[2024-10-18T19:15:39.209+0000] {logging_mixin.py:190} INFO - [2024-10-18T19:15:39.209+0000] {dag.py:3239} INFO - Sync 1 DAGs
[2024-10-18T19:15:39.219+0000] {logging_mixin.py:190} INFO - [2024-10-18T19:15:39.219+0000] {dag.py:3262} INFO - Creating ORM DAG for post_gres_dag
[2024-10-18T19:15:39.228+0000] {logging_mixin.py:190} INFO - [2024-10-18T19:15:39.228+0000] {dag.py:4180} INFO - Setting next_dagrun for post_gres_dag to None, run_after=None
[2024-10-18T19:15:39.248+0000] {processor.py:208} INFO - Processing /opt/airflow/dags/post_gres.py took 0.219 seconds
[2024-10-18T19:15:46.828+0000] {processor.py:186} INFO - Started process (PID=13954) to work on /opt/airflow/dags/post_gres.py
[2024-10-18T19:15:46.829+0000] {processor.py:914} INFO - Processing file /opt/airflow/dags/post_gres.py for tasks to queue
[2024-10-18T19:15:46.831+0000] {logging_mixin.py:190} INFO - [2024-10-18T19:15:46.831+0000] {dagbag.py:588} INFO - Filling up the DagBag from /opt/airflow/dags/post_gres.py
[2024-10-18T19:15:46.868+0000] {processor.py:925} INFO - DAG(s) 'post_gres_dag' retrieved from /opt/airflow/dags/post_gres.py
[2024-10-18T19:15:46.878+0000] {logging_mixin.py:190} INFO - [2024-10-18T19:15:46.878+0000] {dag.py:3239} INFO - Sync 1 DAGs
[2024-10-18T19:15:46.898+0000] {logging_mixin.py:190} INFO - [2024-10-18T19:15:46.897+0000] {dag.py:4180} INFO - Setting next_dagrun for post_gres_dag to None, run_after=None
[2024-10-18T19:15:46.924+0000] {processor.py:208} INFO - Processing /opt/airflow/dags/post_gres.py took 0.102 seconds
[2024-10-18T19:16:17.769+0000] {processor.py:186} INFO - Started process (PID=14018) to work on /opt/airflow/dags/post_gres.py
[2024-10-18T19:16:17.771+0000] {processor.py:914} INFO - Processing file /opt/airflow/dags/post_gres.py for tasks to queue
[2024-10-18T19:16:17.774+0000] {logging_mixin.py:190} INFO - [2024-10-18T19:16:17.773+0000] {dagbag.py:588} INFO - Filling up the DagBag from /opt/airflow/dags/post_gres.py
[2024-10-18T19:16:17.820+0000] {processor.py:925} INFO - DAG(s) 'post_gres_dag' retrieved from /opt/airflow/dags/post_gres.py
[2024-10-18T19:16:17.864+0000] {logging_mixin.py:190} INFO - [2024-10-18T19:16:17.863+0000] {dag.py:3239} INFO - Sync 1 DAGs
[2024-10-18T19:16:17.908+0000] {logging_mixin.py:190} INFO - [2024-10-18T19:16:17.908+0000] {dag.py:4180} INFO - Setting next_dagrun for post_gres_dag to None, run_after=None
[2024-10-18T19:16:17.951+0000] {processor.py:208} INFO - Processing /opt/airflow/dags/post_gres.py took 0.189 seconds
[2024-10-18T19:16:48.495+0000] {processor.py:186} INFO - Started process (PID=14081) to work on /opt/airflow/dags/post_gres.py
[2024-10-18T19:16:48.497+0000] {processor.py:914} INFO - Processing file /opt/airflow/dags/post_gres.py for tasks to queue
[2024-10-18T19:16:48.500+0000] {logging_mixin.py:190} INFO - [2024-10-18T19:16:48.499+0000] {dagbag.py:588} INFO - Filling up the DagBag from /opt/airflow/dags/post_gres.py
[2024-10-18T19:16:48.527+0000] {processor.py:925} INFO - DAG(s) 'post_gres_dag' retrieved from /opt/airflow/dags/post_gres.py
[2024-10-18T19:16:48.546+0000] {logging_mixin.py:190} INFO - [2024-10-18T19:16:48.546+0000] {dag.py:3239} INFO - Sync 1 DAGs
[2024-10-18T19:16:48.572+0000] {logging_mixin.py:190} INFO - [2024-10-18T19:16:48.572+0000] {dag.py:4180} INFO - Setting next_dagrun for post_gres_dag to None, run_after=None
[2024-10-18T19:16:48.595+0000] {processor.py:208} INFO - Processing /opt/airflow/dags/post_gres.py took 0.108 seconds
[2024-10-18T19:17:18.878+0000] {processor.py:186} INFO - Started process (PID=14145) to work on /opt/airflow/dags/post_gres.py
[2024-10-18T19:17:18.880+0000] {processor.py:914} INFO - Processing file /opt/airflow/dags/post_gres.py for tasks to queue
[2024-10-18T19:17:18.883+0000] {logging_mixin.py:190} INFO - [2024-10-18T19:17:18.882+0000] {dagbag.py:588} INFO - Filling up the DagBag from /opt/airflow/dags/post_gres.py
[2024-10-18T19:17:18.909+0000] {processor.py:925} INFO - DAG(s) 'post_gres_dag' retrieved from /opt/airflow/dags/post_gres.py
[2024-10-18T19:17:18.934+0000] {logging_mixin.py:190} INFO - [2024-10-18T19:17:18.934+0000] {dag.py:3239} INFO - Sync 1 DAGs
[2024-10-18T19:17:18.963+0000] {logging_mixin.py:190} INFO - [2024-10-18T19:17:18.963+0000] {dag.py:4180} INFO - Setting next_dagrun for post_gres_dag to None, run_after=None
[2024-10-18T19:17:18.997+0000] {processor.py:208} INFO - Processing /opt/airflow/dags/post_gres.py took 0.127 seconds
[2024-10-18T19:17:49.084+0000] {processor.py:186} INFO - Started process (PID=14209) to work on /opt/airflow/dags/post_gres.py
[2024-10-18T19:17:49.086+0000] {processor.py:914} INFO - Processing file /opt/airflow/dags/post_gres.py for tasks to queue
[2024-10-18T19:17:49.088+0000] {logging_mixin.py:190} INFO - [2024-10-18T19:17:49.087+0000] {dagbag.py:588} INFO - Filling up the DagBag from /opt/airflow/dags/post_gres.py
[2024-10-18T19:17:49.116+0000] {processor.py:925} INFO - DAG(s) 'post_gres_dag' retrieved from /opt/airflow/dags/post_gres.py
[2024-10-18T19:17:49.130+0000] {logging_mixin.py:190} INFO - [2024-10-18T19:17:49.130+0000] {dag.py:3239} INFO - Sync 1 DAGs
[2024-10-18T19:17:49.150+0000] {logging_mixin.py:190} INFO - [2024-10-18T19:17:49.150+0000] {dag.py:4180} INFO - Setting next_dagrun for post_gres_dag to None, run_after=None
[2024-10-18T19:17:49.178+0000] {processor.py:208} INFO - Processing /opt/airflow/dags/post_gres.py took 0.098 seconds
[2024-10-18T19:18:19.314+0000] {processor.py:186} INFO - Started process (PID=14274) to work on /opt/airflow/dags/post_gres.py
[2024-10-18T19:18:19.315+0000] {processor.py:914} INFO - Processing file /opt/airflow/dags/post_gres.py for tasks to queue
[2024-10-18T19:18:19.317+0000] {logging_mixin.py:190} INFO - [2024-10-18T19:18:19.316+0000] {dagbag.py:588} INFO - Filling up the DagBag from /opt/airflow/dags/post_gres.py
[2024-10-18T19:18:19.341+0000] {processor.py:925} INFO - DAG(s) 'post_gres_dag' retrieved from /opt/airflow/dags/post_gres.py
[2024-10-18T19:18:19.354+0000] {logging_mixin.py:190} INFO - [2024-10-18T19:18:19.354+0000] {dag.py:3239} INFO - Sync 1 DAGs
[2024-10-18T19:18:19.373+0000] {logging_mixin.py:190} INFO - [2024-10-18T19:18:19.373+0000] {dag.py:4180} INFO - Setting next_dagrun for post_gres_dag to None, run_after=None
[2024-10-18T19:18:19.389+0000] {processor.py:208} INFO - Processing /opt/airflow/dags/post_gres.py took 0.080 seconds
[2024-10-18T19:18:49.532+0000] {processor.py:186} INFO - Started process (PID=14337) to work on /opt/airflow/dags/post_gres.py
[2024-10-18T19:18:49.535+0000] {processor.py:914} INFO - Processing file /opt/airflow/dags/post_gres.py for tasks to queue
[2024-10-18T19:18:49.538+0000] {logging_mixin.py:190} INFO - [2024-10-18T19:18:49.537+0000] {dagbag.py:588} INFO - Filling up the DagBag from /opt/airflow/dags/post_gres.py
[2024-10-18T19:18:49.590+0000] {processor.py:925} INFO - DAG(s) 'post_gres_dag' retrieved from /opt/airflow/dags/post_gres.py
[2024-10-18T19:18:49.615+0000] {logging_mixin.py:190} INFO - [2024-10-18T19:18:49.614+0000] {dag.py:3239} INFO - Sync 1 DAGs
[2024-10-18T19:18:49.641+0000] {logging_mixin.py:190} INFO - [2024-10-18T19:18:49.641+0000] {dag.py:4180} INFO - Setting next_dagrun for post_gres_dag to None, run_after=None
[2024-10-18T19:18:49.679+0000] {processor.py:208} INFO - Processing /opt/airflow/dags/post_gres.py took 0.157 seconds
[2024-10-18T19:19:19.844+0000] {processor.py:186} INFO - Started process (PID=14401) to work on /opt/airflow/dags/post_gres.py
[2024-10-18T19:19:19.851+0000] {processor.py:914} INFO - Processing file /opt/airflow/dags/post_gres.py for tasks to queue
[2024-10-18T19:19:19.859+0000] {logging_mixin.py:190} INFO - [2024-10-18T19:19:19.858+0000] {dagbag.py:588} INFO - Filling up the DagBag from /opt/airflow/dags/post_gres.py
[2024-10-18T19:19:20.143+0000] {processor.py:925} INFO - DAG(s) 'post_gres_dag' retrieved from /opt/airflow/dags/post_gres.py
[2024-10-18T19:19:20.188+0000] {logging_mixin.py:190} INFO - [2024-10-18T19:19:20.187+0000] {dag.py:3239} INFO - Sync 1 DAGs
[2024-10-18T19:19:20.243+0000] {logging_mixin.py:190} INFO - [2024-10-18T19:19:20.243+0000] {dag.py:4180} INFO - Setting next_dagrun for post_gres_dag to None, run_after=None
[2024-10-18T19:19:20.288+0000] {processor.py:208} INFO - Processing /opt/airflow/dags/post_gres.py took 0.457 seconds
[2024-10-18T19:19:51.185+0000] {processor.py:186} INFO - Started process (PID=14465) to work on /opt/airflow/dags/post_gres.py
[2024-10-18T19:19:51.190+0000] {processor.py:914} INFO - Processing file /opt/airflow/dags/post_gres.py for tasks to queue
[2024-10-18T19:19:51.194+0000] {logging_mixin.py:190} INFO - [2024-10-18T19:19:51.193+0000] {dagbag.py:588} INFO - Filling up the DagBag from /opt/airflow/dags/post_gres.py
[2024-10-18T19:19:51.462+0000] {processor.py:925} INFO - DAG(s) 'post_gres_dag' retrieved from /opt/airflow/dags/post_gres.py
[2024-10-18T19:19:51.506+0000] {logging_mixin.py:190} INFO - [2024-10-18T19:19:51.505+0000] {dag.py:3239} INFO - Sync 1 DAGs
[2024-10-18T19:19:51.559+0000] {logging_mixin.py:190} INFO - [2024-10-18T19:19:51.558+0000] {dag.py:4180} INFO - Setting next_dagrun for post_gres_dag to None, run_after=None
[2024-10-18T19:19:51.635+0000] {processor.py:208} INFO - Processing /opt/airflow/dags/post_gres.py took 0.464 seconds
[2024-10-18T19:20:21.767+0000] {processor.py:186} INFO - Started process (PID=14529) to work on /opt/airflow/dags/post_gres.py
[2024-10-18T19:20:21.771+0000] {processor.py:914} INFO - Processing file /opt/airflow/dags/post_gres.py for tasks to queue
[2024-10-18T19:20:21.775+0000] {logging_mixin.py:190} INFO - [2024-10-18T19:20:21.774+0000] {dagbag.py:588} INFO - Filling up the DagBag from /opt/airflow/dags/post_gres.py
[2024-10-18T19:20:21.819+0000] {processor.py:925} INFO - DAG(s) 'post_gres_dag' retrieved from /opt/airflow/dags/post_gres.py
[2024-10-18T19:20:21.857+0000] {logging_mixin.py:190} INFO - [2024-10-18T19:20:21.856+0000] {dag.py:3239} INFO - Sync 1 DAGs
[2024-10-18T19:20:21.888+0000] {logging_mixin.py:190} INFO - [2024-10-18T19:20:21.887+0000] {dag.py:4180} INFO - Setting next_dagrun for post_gres_dag to None, run_after=None
[2024-10-18T19:20:21.926+0000] {processor.py:208} INFO - Processing /opt/airflow/dags/post_gres.py took 0.174 seconds
[2024-10-18T19:22:38.425+0000] {processor.py:186} INFO - Started process (PID=79) to work on /opt/airflow/dags/post_gres.py
[2024-10-18T19:22:38.436+0000] {processor.py:914} INFO - Processing file /opt/airflow/dags/post_gres.py for tasks to queue
[2024-10-18T19:22:38.448+0000] {logging_mixin.py:190} INFO - [2024-10-18T19:22:38.447+0000] {dagbag.py:588} INFO - Filling up the DagBag from /opt/airflow/dags/post_gres.py
[2024-10-18T19:22:38.741+0000] {processor.py:925} INFO - DAG(s) 'post_gres_dag' retrieved from /opt/airflow/dags/post_gres.py
[2024-10-18T19:22:38.870+0000] {logging_mixin.py:190} INFO - [2024-10-18T19:22:38.870+0000] {dag.py:3239} INFO - Sync 1 DAGs
[2024-10-18T19:22:38.979+0000] {logging_mixin.py:190} INFO - [2024-10-18T19:22:38.979+0000] {dag.py:4180} INFO - Setting next_dagrun for post_gres_dag to None, run_after=None
[2024-10-18T19:22:39.067+0000] {processor.py:208} INFO - Processing /opt/airflow/dags/post_gres.py took 0.669 seconds
[2024-10-18T19:23:23.650+0000] {processor.py:186} INFO - Started process (PID=74) to work on /opt/airflow/dags/post_gres.py
[2024-10-18T19:23:23.653+0000] {processor.py:914} INFO - Processing file /opt/airflow/dags/post_gres.py for tasks to queue
[2024-10-18T19:23:23.659+0000] {logging_mixin.py:190} INFO - [2024-10-18T19:23:23.659+0000] {dagbag.py:588} INFO - Filling up the DagBag from /opt/airflow/dags/post_gres.py
[2024-10-18T19:23:23.701+0000] {processor.py:925} INFO - DAG(s) 'post_gres_dag' retrieved from /opt/airflow/dags/post_gres.py
[2024-10-18T19:23:23.750+0000] {logging_mixin.py:190} INFO - [2024-10-18T19:23:23.750+0000] {dag.py:3239} INFO - Sync 1 DAGs
[2024-10-18T19:23:23.792+0000] {logging_mixin.py:190} INFO - [2024-10-18T19:23:23.792+0000] {dag.py:4180} INFO - Setting next_dagrun for post_gres_dag to None, run_after=None
[2024-10-18T19:23:23.825+0000] {processor.py:208} INFO - Processing /opt/airflow/dags/post_gres.py took 0.185 seconds
[2024-10-18T19:23:54.745+0000] {processor.py:186} INFO - Started process (PID=139) to work on /opt/airflow/dags/post_gres.py
[2024-10-18T19:23:54.748+0000] {processor.py:914} INFO - Processing file /opt/airflow/dags/post_gres.py for tasks to queue
[2024-10-18T19:23:54.753+0000] {logging_mixin.py:190} INFO - [2024-10-18T19:23:54.753+0000] {dagbag.py:588} INFO - Filling up the DagBag from /opt/airflow/dags/post_gres.py
[2024-10-18T19:23:54.797+0000] {processor.py:925} INFO - DAG(s) 'post_gres_dag' retrieved from /opt/airflow/dags/post_gres.py
[2024-10-18T19:23:54.829+0000] {logging_mixin.py:190} INFO - [2024-10-18T19:23:54.828+0000] {dag.py:3239} INFO - Sync 1 DAGs
[2024-10-18T19:23:54.854+0000] {logging_mixin.py:190} INFO - [2024-10-18T19:23:54.854+0000] {dag.py:4180} INFO - Setting next_dagrun for post_gres_dag to None, run_after=None
[2024-10-18T19:23:54.877+0000] {processor.py:208} INFO - Processing /opt/airflow/dags/post_gres.py took 0.138 seconds
[2024-10-18T19:24:17.381+0000] {processor.py:186} INFO - Started process (PID=203) to work on /opt/airflow/dags/post_gres.py
[2024-10-18T19:24:17.386+0000] {processor.py:914} INFO - Processing file /opt/airflow/dags/post_gres.py for tasks to queue
[2024-10-18T19:24:17.392+0000] {logging_mixin.py:190} INFO - [2024-10-18T19:24:17.392+0000] {dagbag.py:588} INFO - Filling up the DagBag from /opt/airflow/dags/post_gres.py
[2024-10-18T19:24:17.548+0000] {processor.py:925} INFO - DAG(s) 'post_gres_dag' retrieved from /opt/airflow/dags/post_gres.py
[2024-10-18T19:24:17.725+0000] {logging_mixin.py:190} INFO - [2024-10-18T19:24:17.725+0000] {dag.py:3239} INFO - Sync 1 DAGs
[2024-10-18T19:24:17.752+0000] {logging_mixin.py:190} INFO - [2024-10-18T19:24:17.751+0000] {dag.py:4180} INFO - Setting next_dagrun for post_gres_dag to None, run_after=None
[2024-10-18T19:24:17.814+0000] {processor.py:208} INFO - Processing /opt/airflow/dags/post_gres.py took 0.441 seconds
[2024-10-18T19:24:47.941+0000] {processor.py:186} INFO - Started process (PID=267) to work on /opt/airflow/dags/post_gres.py
[2024-10-18T19:24:47.948+0000] {processor.py:914} INFO - Processing file /opt/airflow/dags/post_gres.py for tasks to queue
[2024-10-18T19:24:47.955+0000] {logging_mixin.py:190} INFO - [2024-10-18T19:24:47.954+0000] {dagbag.py:588} INFO - Filling up the DagBag from /opt/airflow/dags/post_gres.py
[2024-10-18T19:24:48.044+0000] {processor.py:925} INFO - DAG(s) 'post_gres_dag' retrieved from /opt/airflow/dags/post_gres.py
[2024-10-18T19:24:48.102+0000] {logging_mixin.py:190} INFO - [2024-10-18T19:24:48.102+0000] {dag.py:3239} INFO - Sync 1 DAGs
[2024-10-18T19:24:48.153+0000] {logging_mixin.py:190} INFO - [2024-10-18T19:24:48.153+0000] {dag.py:4180} INFO - Setting next_dagrun for post_gres_dag to None, run_after=None
[2024-10-18T19:24:48.193+0000] {processor.py:208} INFO - Processing /opt/airflow/dags/post_gres.py took 0.262 seconds
[2024-10-18T19:25:18.509+0000] {processor.py:186} INFO - Started process (PID=331) to work on /opt/airflow/dags/post_gres.py
[2024-10-18T19:25:18.511+0000] {processor.py:914} INFO - Processing file /opt/airflow/dags/post_gres.py for tasks to queue
[2024-10-18T19:25:18.514+0000] {logging_mixin.py:190} INFO - [2024-10-18T19:25:18.513+0000] {dagbag.py:588} INFO - Filling up the DagBag from /opt/airflow/dags/post_gres.py
[2024-10-18T19:25:18.547+0000] {processor.py:925} INFO - DAG(s) 'post_gres_dag' retrieved from /opt/airflow/dags/post_gres.py
[2024-10-18T19:25:18.562+0000] {logging_mixin.py:190} INFO - [2024-10-18T19:25:18.562+0000] {dag.py:3239} INFO - Sync 1 DAGs
[2024-10-18T19:25:18.579+0000] {logging_mixin.py:190} INFO - [2024-10-18T19:25:18.579+0000] {dag.py:4180} INFO - Setting next_dagrun for post_gres_dag to None, run_after=None
[2024-10-18T19:25:18.598+0000] {processor.py:208} INFO - Processing /opt/airflow/dags/post_gres.py took 0.093 seconds
[2024-10-18T19:25:48.924+0000] {processor.py:186} INFO - Started process (PID=395) to work on /opt/airflow/dags/post_gres.py
[2024-10-18T19:25:48.926+0000] {processor.py:914} INFO - Processing file /opt/airflow/dags/post_gres.py for tasks to queue
[2024-10-18T19:25:48.930+0000] {logging_mixin.py:190} INFO - [2024-10-18T19:25:48.929+0000] {dagbag.py:588} INFO - Filling up the DagBag from /opt/airflow/dags/post_gres.py
[2024-10-18T19:25:48.948+0000] {processor.py:925} INFO - DAG(s) 'post_gres_dag' retrieved from /opt/airflow/dags/post_gres.py
[2024-10-18T19:25:48.966+0000] {logging_mixin.py:190} INFO - [2024-10-18T19:25:48.966+0000] {dag.py:3239} INFO - Sync 1 DAGs
[2024-10-18T19:25:48.985+0000] {logging_mixin.py:190} INFO - [2024-10-18T19:25:48.985+0000] {dag.py:4180} INFO - Setting next_dagrun for post_gres_dag to None, run_after=None
[2024-10-18T19:25:49.004+0000] {processor.py:208} INFO - Processing /opt/airflow/dags/post_gres.py took 0.085 seconds
[2024-10-18T19:26:19.666+0000] {processor.py:186} INFO - Started process (PID=458) to work on /opt/airflow/dags/post_gres.py
[2024-10-18T19:26:19.668+0000] {processor.py:914} INFO - Processing file /opt/airflow/dags/post_gres.py for tasks to queue
[2024-10-18T19:26:19.671+0000] {logging_mixin.py:190} INFO - [2024-10-18T19:26:19.671+0000] {dagbag.py:588} INFO - Filling up the DagBag from /opt/airflow/dags/post_gres.py
[2024-10-18T19:26:19.702+0000] {processor.py:925} INFO - DAG(s) 'post_gres_dag' retrieved from /opt/airflow/dags/post_gres.py
[2024-10-18T19:26:19.720+0000] {logging_mixin.py:190} INFO - [2024-10-18T19:26:19.720+0000] {dag.py:3239} INFO - Sync 1 DAGs
[2024-10-18T19:26:19.740+0000] {logging_mixin.py:190} INFO - [2024-10-18T19:26:19.740+0000] {dag.py:4180} INFO - Setting next_dagrun for post_gres_dag to None, run_after=None
[2024-10-18T19:26:19.761+0000] {processor.py:208} INFO - Processing /opt/airflow/dags/post_gres.py took 0.100 seconds
[2024-10-18T19:26:50.447+0000] {processor.py:186} INFO - Started process (PID=522) to work on /opt/airflow/dags/post_gres.py
[2024-10-18T19:26:50.449+0000] {processor.py:914} INFO - Processing file /opt/airflow/dags/post_gres.py for tasks to queue
[2024-10-18T19:26:50.452+0000] {logging_mixin.py:190} INFO - [2024-10-18T19:26:50.452+0000] {dagbag.py:588} INFO - Filling up the DagBag from /opt/airflow/dags/post_gres.py
[2024-10-18T19:26:50.481+0000] {processor.py:925} INFO - DAG(s) 'post_gres_dag' retrieved from /opt/airflow/dags/post_gres.py
[2024-10-18T19:26:50.497+0000] {logging_mixin.py:190} INFO - [2024-10-18T19:26:50.496+0000] {dag.py:3239} INFO - Sync 1 DAGs
[2024-10-18T19:26:50.515+0000] {logging_mixin.py:190} INFO - [2024-10-18T19:26:50.515+0000] {dag.py:4180} INFO - Setting next_dagrun for post_gres_dag to None, run_after=None
[2024-10-18T19:26:50.535+0000] {processor.py:208} INFO - Processing /opt/airflow/dags/post_gres.py took 0.093 seconds
[2024-10-18T19:27:21.013+0000] {processor.py:186} INFO - Started process (PID=586) to work on /opt/airflow/dags/post_gres.py
[2024-10-18T19:27:21.016+0000] {processor.py:914} INFO - Processing file /opt/airflow/dags/post_gres.py for tasks to queue
[2024-10-18T19:27:21.019+0000] {logging_mixin.py:190} INFO - [2024-10-18T19:27:21.018+0000] {dagbag.py:588} INFO - Filling up the DagBag from /opt/airflow/dags/post_gres.py
[2024-10-18T19:27:21.048+0000] {processor.py:925} INFO - DAG(s) 'post_gres_dag' retrieved from /opt/airflow/dags/post_gres.py
[2024-10-18T19:27:21.063+0000] {logging_mixin.py:190} INFO - [2024-10-18T19:27:21.063+0000] {dag.py:3239} INFO - Sync 1 DAGs
[2024-10-18T19:27:21.082+0000] {logging_mixin.py:190} INFO - [2024-10-18T19:27:21.081+0000] {dag.py:4180} INFO - Setting next_dagrun for post_gres_dag to None, run_after=None
[2024-10-18T19:27:21.101+0000] {processor.py:208} INFO - Processing /opt/airflow/dags/post_gres.py took 0.093 seconds
[2024-10-18T19:27:51.546+0000] {processor.py:186} INFO - Started process (PID=650) to work on /opt/airflow/dags/post_gres.py
[2024-10-18T19:27:51.547+0000] {processor.py:914} INFO - Processing file /opt/airflow/dags/post_gres.py for tasks to queue
[2024-10-18T19:27:51.551+0000] {logging_mixin.py:190} INFO - [2024-10-18T19:27:51.550+0000] {dagbag.py:588} INFO - Filling up the DagBag from /opt/airflow/dags/post_gres.py
[2024-10-18T19:27:51.575+0000] {processor.py:925} INFO - DAG(s) 'post_gres_dag' retrieved from /opt/airflow/dags/post_gres.py
[2024-10-18T19:27:51.589+0000] {logging_mixin.py:190} INFO - [2024-10-18T19:27:51.589+0000] {dag.py:3239} INFO - Sync 1 DAGs
[2024-10-18T19:27:51.606+0000] {logging_mixin.py:190} INFO - [2024-10-18T19:27:51.606+0000] {dag.py:4180} INFO - Setting next_dagrun for post_gres_dag to None, run_after=None
[2024-10-18T19:27:51.634+0000] {processor.py:208} INFO - Processing /opt/airflow/dags/post_gres.py took 0.094 seconds
[2024-10-18T19:28:22.369+0000] {processor.py:186} INFO - Started process (PID=714) to work on /opt/airflow/dags/post_gres.py
[2024-10-18T19:28:22.371+0000] {processor.py:914} INFO - Processing file /opt/airflow/dags/post_gres.py for tasks to queue
[2024-10-18T19:28:22.374+0000] {logging_mixin.py:190} INFO - [2024-10-18T19:28:22.374+0000] {dagbag.py:588} INFO - Filling up the DagBag from /opt/airflow/dags/post_gres.py
[2024-10-18T19:28:22.423+0000] {processor.py:925} INFO - DAG(s) 'post_gres_dag' retrieved from /opt/airflow/dags/post_gres.py
[2024-10-18T19:28:22.444+0000] {logging_mixin.py:190} INFO - [2024-10-18T19:28:22.444+0000] {dag.py:3239} INFO - Sync 1 DAGs
[2024-10-18T19:28:22.462+0000] {logging_mixin.py:190} INFO - [2024-10-18T19:28:22.462+0000] {dag.py:4180} INFO - Setting next_dagrun for post_gres_dag to None, run_after=None
[2024-10-18T19:28:22.491+0000] {processor.py:208} INFO - Processing /opt/airflow/dags/post_gres.py took 0.128 seconds
[2024-10-18T19:28:53.085+0000] {processor.py:186} INFO - Started process (PID=778) to work on /opt/airflow/dags/post_gres.py
[2024-10-18T19:28:53.088+0000] {processor.py:914} INFO - Processing file /opt/airflow/dags/post_gres.py for tasks to queue
[2024-10-18T19:28:53.091+0000] {logging_mixin.py:190} INFO - [2024-10-18T19:28:53.091+0000] {dagbag.py:588} INFO - Filling up the DagBag from /opt/airflow/dags/post_gres.py
[2024-10-18T19:28:53.150+0000] {processor.py:925} INFO - DAG(s) 'post_gres_dag' retrieved from /opt/airflow/dags/post_gres.py
[2024-10-18T19:28:53.176+0000] {logging_mixin.py:190} INFO - [2024-10-18T19:28:53.176+0000] {dag.py:3239} INFO - Sync 1 DAGs
[2024-10-18T19:28:53.214+0000] {logging_mixin.py:190} INFO - [2024-10-18T19:28:53.213+0000] {dag.py:4180} INFO - Setting next_dagrun for post_gres_dag to None, run_after=None
[2024-10-18T19:28:53.237+0000] {processor.py:208} INFO - Processing /opt/airflow/dags/post_gres.py took 0.158 seconds
[2024-10-18T19:29:23.371+0000] {processor.py:186} INFO - Started process (PID=842) to work on /opt/airflow/dags/post_gres.py
[2024-10-18T19:29:23.373+0000] {processor.py:914} INFO - Processing file /opt/airflow/dags/post_gres.py for tasks to queue
[2024-10-18T19:29:23.376+0000] {logging_mixin.py:190} INFO - [2024-10-18T19:29:23.376+0000] {dagbag.py:588} INFO - Filling up the DagBag from /opt/airflow/dags/post_gres.py
[2024-10-18T19:29:23.409+0000] {processor.py:925} INFO - DAG(s) 'post_gres_dag' retrieved from /opt/airflow/dags/post_gres.py
[2024-10-18T19:29:23.435+0000] {logging_mixin.py:190} INFO - [2024-10-18T19:29:23.435+0000] {dag.py:3239} INFO - Sync 1 DAGs
[2024-10-18T19:29:23.482+0000] {logging_mixin.py:190} INFO - [2024-10-18T19:29:23.482+0000] {dag.py:4180} INFO - Setting next_dagrun for post_gres_dag to None, run_after=None
[2024-10-18T19:29:23.513+0000] {processor.py:208} INFO - Processing /opt/airflow/dags/post_gres.py took 0.150 seconds
[2024-10-18T19:29:53.699+0000] {processor.py:186} INFO - Started process (PID=905) to work on /opt/airflow/dags/post_gres.py
[2024-10-18T19:29:53.702+0000] {processor.py:914} INFO - Processing file /opt/airflow/dags/post_gres.py for tasks to queue
[2024-10-18T19:29:53.705+0000] {logging_mixin.py:190} INFO - [2024-10-18T19:29:53.705+0000] {dagbag.py:588} INFO - Filling up the DagBag from /opt/airflow/dags/post_gres.py
[2024-10-18T19:29:53.729+0000] {processor.py:925} INFO - DAG(s) 'post_gres_dag' retrieved from /opt/airflow/dags/post_gres.py
[2024-10-18T19:29:53.754+0000] {logging_mixin.py:190} INFO - [2024-10-18T19:29:53.754+0000] {dag.py:3239} INFO - Sync 1 DAGs
[2024-10-18T19:29:53.787+0000] {logging_mixin.py:190} INFO - [2024-10-18T19:29:53.787+0000] {dag.py:4180} INFO - Setting next_dagrun for post_gres_dag to None, run_after=None
[2024-10-18T19:29:53.826+0000] {processor.py:208} INFO - Processing /opt/airflow/dags/post_gres.py took 0.134 seconds
[2024-10-18T19:30:25.033+0000] {processor.py:186} INFO - Started process (PID=969) to work on /opt/airflow/dags/post_gres.py
[2024-10-18T19:30:25.106+0000] {processor.py:914} INFO - Processing file /opt/airflow/dags/post_gres.py for tasks to queue
[2024-10-18T19:30:25.113+0000] {logging_mixin.py:190} INFO - [2024-10-18T19:30:25.113+0000] {dagbag.py:588} INFO - Filling up the DagBag from /opt/airflow/dags/post_gres.py
[2024-10-18T19:30:25.175+0000] {processor.py:925} INFO - DAG(s) 'post_gres_dag' retrieved from /opt/airflow/dags/post_gres.py
[2024-10-18T19:30:25.223+0000] {logging_mixin.py:190} INFO - [2024-10-18T19:30:25.222+0000] {dag.py:3239} INFO - Sync 1 DAGs
[2024-10-18T19:30:25.313+0000] {logging_mixin.py:190} INFO - [2024-10-18T19:30:25.312+0000] {dag.py:4180} INFO - Setting next_dagrun for post_gres_dag to None, run_after=None
[2024-10-18T19:30:25.402+0000] {processor.py:208} INFO - Processing /opt/airflow/dags/post_gres.py took 0.385 seconds
[2024-10-18T19:30:26.126+0000] {processor.py:186} INFO - Started process (PID=970) to work on /opt/airflow/dags/post_gres.py
[2024-10-18T19:30:26.149+0000] {processor.py:914} INFO - Processing file /opt/airflow/dags/post_gres.py for tasks to queue
[2024-10-18T19:30:26.159+0000] {logging_mixin.py:190} INFO - [2024-10-18T19:30:26.158+0000] {dagbag.py:588} INFO - Filling up the DagBag from /opt/airflow/dags/post_gres.py
[2024-10-18T19:30:26.367+0000] {processor.py:925} INFO - DAG(s) 'post_gres_dag' retrieved from /opt/airflow/dags/post_gres.py
[2024-10-18T19:30:26.647+0000] {logging_mixin.py:190} INFO - [2024-10-18T19:30:26.647+0000] {dag.py:3239} INFO - Sync 1 DAGs
[2024-10-18T19:30:26.690+0000] {logging_mixin.py:190} INFO - [2024-10-18T19:30:26.689+0000] {dag.py:4180} INFO - Setting next_dagrun for post_gres_dag to None, run_after=None
[2024-10-18T19:30:26.760+0000] {processor.py:208} INFO - Processing /opt/airflow/dags/post_gres.py took 0.651 seconds
[2024-10-18T19:30:57.119+0000] {processor.py:186} INFO - Started process (PID=1034) to work on /opt/airflow/dags/post_gres.py
[2024-10-18T19:30:57.121+0000] {processor.py:914} INFO - Processing file /opt/airflow/dags/post_gres.py for tasks to queue
[2024-10-18T19:30:57.125+0000] {logging_mixin.py:190} INFO - [2024-10-18T19:30:57.124+0000] {dagbag.py:588} INFO - Filling up the DagBag from /opt/airflow/dags/post_gres.py
[2024-10-18T19:30:57.161+0000] {processor.py:925} INFO - DAG(s) 'post_gres_dag' retrieved from /opt/airflow/dags/post_gres.py
[2024-10-18T19:30:57.183+0000] {logging_mixin.py:190} INFO - [2024-10-18T19:30:57.183+0000] {dag.py:3239} INFO - Sync 1 DAGs
[2024-10-18T19:30:57.212+0000] {logging_mixin.py:190} INFO - [2024-10-18T19:30:57.212+0000] {dag.py:4180} INFO - Setting next_dagrun for post_gres_dag to None, run_after=None
[2024-10-18T19:30:57.243+0000] {processor.py:208} INFO - Processing /opt/airflow/dags/post_gres.py took 0.132 seconds
[2024-10-18T19:31:27.878+0000] {processor.py:186} INFO - Started process (PID=1104) to work on /opt/airflow/dags/post_gres.py
[2024-10-18T19:31:27.880+0000] {processor.py:914} INFO - Processing file /opt/airflow/dags/post_gres.py for tasks to queue
[2024-10-18T19:31:27.886+0000] {logging_mixin.py:190} INFO - [2024-10-18T19:31:27.885+0000] {dagbag.py:588} INFO - Filling up the DagBag from /opt/airflow/dags/post_gres.py
[2024-10-18T19:31:27.936+0000] {processor.py:925} INFO - DAG(s) 'post_gres_dag' retrieved from /opt/airflow/dags/post_gres.py
[2024-10-18T19:31:27.970+0000] {logging_mixin.py:190} INFO - [2024-10-18T19:31:27.969+0000] {dag.py:3239} INFO - Sync 1 DAGs
[2024-10-18T19:31:28.009+0000] {logging_mixin.py:190} INFO - [2024-10-18T19:31:28.009+0000] {dag.py:4180} INFO - Setting next_dagrun for post_gres_dag to None, run_after=None
[2024-10-18T19:31:28.055+0000] {processor.py:208} INFO - Processing /opt/airflow/dags/post_gres.py took 0.185 seconds
[2024-10-18T19:31:58.239+0000] {processor.py:186} INFO - Started process (PID=1168) to work on /opt/airflow/dags/post_gres.py
[2024-10-18T19:31:58.248+0000] {processor.py:914} INFO - Processing file /opt/airflow/dags/post_gres.py for tasks to queue
[2024-10-18T19:31:58.257+0000] {logging_mixin.py:190} INFO - [2024-10-18T19:31:58.256+0000] {dagbag.py:588} INFO - Filling up the DagBag from /opt/airflow/dags/post_gres.py
[2024-10-18T19:31:58.343+0000] {processor.py:925} INFO - DAG(s) 'post_gres_dag' retrieved from /opt/airflow/dags/post_gres.py
[2024-10-18T19:31:58.389+0000] {logging_mixin.py:190} INFO - [2024-10-18T19:31:58.389+0000] {dag.py:3239} INFO - Sync 1 DAGs
[2024-10-18T19:31:58.449+0000] {logging_mixin.py:190} INFO - [2024-10-18T19:31:58.448+0000] {dag.py:4180} INFO - Setting next_dagrun for post_gres_dag to None, run_after=None
[2024-10-18T19:31:58.534+0000] {processor.py:208} INFO - Processing /opt/airflow/dags/post_gres.py took 0.307 seconds
[2024-10-18T19:32:29.215+0000] {processor.py:186} INFO - Started process (PID=1232) to work on /opt/airflow/dags/post_gres.py
[2024-10-18T19:32:29.218+0000] {processor.py:914} INFO - Processing file /opt/airflow/dags/post_gres.py for tasks to queue
[2024-10-18T19:32:29.223+0000] {logging_mixin.py:190} INFO - [2024-10-18T19:32:29.223+0000] {dagbag.py:588} INFO - Filling up the DagBag from /opt/airflow/dags/post_gres.py
[2024-10-18T19:32:29.269+0000] {processor.py:925} INFO - DAG(s) 'post_gres_dag' retrieved from /opt/airflow/dags/post_gres.py
[2024-10-18T19:32:29.309+0000] {logging_mixin.py:190} INFO - [2024-10-18T19:32:29.309+0000] {dag.py:3239} INFO - Sync 1 DAGs
[2024-10-18T19:32:29.363+0000] {logging_mixin.py:190} INFO - [2024-10-18T19:32:29.363+0000] {dag.py:4180} INFO - Setting next_dagrun for post_gres_dag to None, run_after=None
[2024-10-18T19:32:29.406+0000] {processor.py:208} INFO - Processing /opt/airflow/dags/post_gres.py took 0.201 seconds
[2024-10-18T19:33:00.094+0000] {processor.py:186} INFO - Started process (PID=1296) to work on /opt/airflow/dags/post_gres.py
[2024-10-18T19:33:00.141+0000] {processor.py:914} INFO - Processing file /opt/airflow/dags/post_gres.py for tasks to queue
[2024-10-18T19:33:00.649+0000] {logging_mixin.py:190} INFO - [2024-10-18T19:33:00.225+0000] {dagbag.py:588} INFO - Filling up the DagBag from /opt/airflow/dags/post_gres.py
[2024-10-18T19:33:01.314+0000] {processor.py:925} INFO - DAG(s) 'post_gres_dag' retrieved from /opt/airflow/dags/post_gres.py
[2024-10-18T19:33:01.449+0000] {logging_mixin.py:190} INFO - [2024-10-18T19:33:01.449+0000] {dag.py:3239} INFO - Sync 1 DAGs
[2024-10-18T19:33:01.599+0000] {logging_mixin.py:190} INFO - [2024-10-18T19:33:01.594+0000] {dag.py:4180} INFO - Setting next_dagrun for post_gres_dag to None, run_after=None
[2024-10-18T19:33:01.732+0000] {processor.py:208} INFO - Processing /opt/airflow/dags/post_gres.py took 1.814 seconds
[2024-10-18T19:33:32.029+0000] {processor.py:186} INFO - Started process (PID=1360) to work on /opt/airflow/dags/post_gres.py
[2024-10-18T19:33:32.031+0000] {processor.py:914} INFO - Processing file /opt/airflow/dags/post_gres.py for tasks to queue
[2024-10-18T19:33:32.033+0000] {logging_mixin.py:190} INFO - [2024-10-18T19:33:32.033+0000] {dagbag.py:588} INFO - Filling up the DagBag from /opt/airflow/dags/post_gres.py
[2024-10-18T19:33:32.063+0000] {processor.py:925} INFO - DAG(s) 'post_gres_dag' retrieved from /opt/airflow/dags/post_gres.py
[2024-10-18T19:33:32.078+0000] {logging_mixin.py:190} INFO - [2024-10-18T19:33:32.077+0000] {dag.py:3239} INFO - Sync 1 DAGs
[2024-10-18T19:33:32.095+0000] {logging_mixin.py:190} INFO - [2024-10-18T19:33:32.095+0000] {dag.py:4180} INFO - Setting next_dagrun for post_gres_dag to None, run_after=None
[2024-10-18T19:33:32.129+0000] {processor.py:208} INFO - Processing /opt/airflow/dags/post_gres.py took 0.105 seconds
[2024-10-18T19:34:03.013+0000] {processor.py:186} INFO - Started process (PID=1424) to work on /opt/airflow/dags/post_gres.py
[2024-10-18T19:34:03.015+0000] {processor.py:914} INFO - Processing file /opt/airflow/dags/post_gres.py for tasks to queue
[2024-10-18T19:34:03.020+0000] {logging_mixin.py:190} INFO - [2024-10-18T19:34:03.019+0000] {dagbag.py:588} INFO - Filling up the DagBag from /opt/airflow/dags/post_gres.py
[2024-10-18T19:34:03.081+0000] {processor.py:925} INFO - DAG(s) 'post_gres_dag' retrieved from /opt/airflow/dags/post_gres.py
[2024-10-18T19:34:03.117+0000] {logging_mixin.py:190} INFO - [2024-10-18T19:34:03.116+0000] {dag.py:3239} INFO - Sync 1 DAGs
[2024-10-18T19:34:03.168+0000] {logging_mixin.py:190} INFO - [2024-10-18T19:34:03.167+0000] {dag.py:4180} INFO - Setting next_dagrun for post_gres_dag to None, run_after=None
[2024-10-18T19:34:03.276+0000] {processor.py:208} INFO - Processing /opt/airflow/dags/post_gres.py took 0.270 seconds
[2024-10-18T19:34:34.201+0000] {processor.py:186} INFO - Started process (PID=1488) to work on /opt/airflow/dags/post_gres.py
[2024-10-18T19:34:34.204+0000] {processor.py:914} INFO - Processing file /opt/airflow/dags/post_gres.py for tasks to queue
[2024-10-18T19:34:34.207+0000] {logging_mixin.py:190} INFO - [2024-10-18T19:34:34.207+0000] {dagbag.py:588} INFO - Filling up the DagBag from /opt/airflow/dags/post_gres.py
[2024-10-18T19:34:34.260+0000] {processor.py:925} INFO - DAG(s) 'post_gres_dag' retrieved from /opt/airflow/dags/post_gres.py
[2024-10-18T19:34:34.302+0000] {logging_mixin.py:190} INFO - [2024-10-18T19:34:34.301+0000] {dag.py:3239} INFO - Sync 1 DAGs
[2024-10-18T19:34:34.365+0000] {logging_mixin.py:190} INFO - [2024-10-18T19:34:34.365+0000] {dag.py:4180} INFO - Setting next_dagrun for post_gres_dag to None, run_after=None
[2024-10-18T19:34:34.391+0000] {processor.py:208} INFO - Processing /opt/airflow/dags/post_gres.py took 0.198 seconds
[2024-10-18T19:34:38.557+0000] {processor.py:186} INFO - Started process (PID=1490) to work on /opt/airflow/dags/post_gres.py
[2024-10-18T19:34:38.562+0000] {processor.py:914} INFO - Processing file /opt/airflow/dags/post_gres.py for tasks to queue
[2024-10-18T19:34:38.569+0000] {logging_mixin.py:190} INFO - [2024-10-18T19:34:38.568+0000] {dagbag.py:588} INFO - Filling up the DagBag from /opt/airflow/dags/post_gres.py
[2024-10-18T19:34:38.676+0000] {processor.py:925} INFO - DAG(s) 'post_gres_dag' retrieved from /opt/airflow/dags/post_gres.py
[2024-10-18T19:34:38.731+0000] {logging_mixin.py:190} INFO - [2024-10-18T19:34:38.731+0000] {dag.py:3239} INFO - Sync 1 DAGs
[2024-10-18T19:34:38.792+0000] {logging_mixin.py:190} INFO - [2024-10-18T19:34:38.792+0000] {dag.py:4180} INFO - Setting next_dagrun for post_gres_dag to None, run_after=None
[2024-10-18T19:34:38.859+0000] {processor.py:208} INFO - Processing /opt/airflow/dags/post_gres.py took 0.314 seconds
[2024-10-18T19:35:09.085+0000] {processor.py:186} INFO - Started process (PID=1554) to work on /opt/airflow/dags/post_gres.py
[2024-10-18T19:35:09.087+0000] {processor.py:914} INFO - Processing file /opt/airflow/dags/post_gres.py for tasks to queue
[2024-10-18T19:35:09.091+0000] {logging_mixin.py:190} INFO - [2024-10-18T19:35:09.091+0000] {dagbag.py:588} INFO - Filling up the DagBag from /opt/airflow/dags/post_gres.py
[2024-10-18T19:35:09.125+0000] {processor.py:925} INFO - DAG(s) 'post_gres_dag' retrieved from /opt/airflow/dags/post_gres.py
[2024-10-18T19:35:09.149+0000] {logging_mixin.py:190} INFO - [2024-10-18T19:35:09.148+0000] {dag.py:3239} INFO - Sync 1 DAGs
[2024-10-18T19:35:09.175+0000] {logging_mixin.py:190} INFO - [2024-10-18T19:35:09.175+0000] {dag.py:4180} INFO - Setting next_dagrun for post_gres_dag to None, run_after=None
[2024-10-18T19:35:09.209+0000] {processor.py:208} INFO - Processing /opt/airflow/dags/post_gres.py took 0.130 seconds
[2024-10-18T19:35:39.645+0000] {processor.py:186} INFO - Started process (PID=1618) to work on /opt/airflow/dags/post_gres.py
[2024-10-18T19:35:39.646+0000] {processor.py:914} INFO - Processing file /opt/airflow/dags/post_gres.py for tasks to queue
[2024-10-18T19:35:39.650+0000] {logging_mixin.py:190} INFO - [2024-10-18T19:35:39.649+0000] {dagbag.py:588} INFO - Filling up the DagBag from /opt/airflow/dags/post_gres.py
[2024-10-18T19:35:39.678+0000] {processor.py:925} INFO - DAG(s) 'post_gres_dag' retrieved from /opt/airflow/dags/post_gres.py
[2024-10-18T19:35:39.693+0000] {logging_mixin.py:190} INFO - [2024-10-18T19:35:39.693+0000] {dag.py:3239} INFO - Sync 1 DAGs
[2024-10-18T19:35:39.712+0000] {logging_mixin.py:190} INFO - [2024-10-18T19:35:39.712+0000] {dag.py:4180} INFO - Setting next_dagrun for post_gres_dag to None, run_after=None
[2024-10-18T19:35:39.733+0000] {processor.py:208} INFO - Processing /opt/airflow/dags/post_gres.py took 0.093 seconds
[2024-10-18T19:36:00.345+0000] {processor.py:186} INFO - Started process (PID=1662) to work on /opt/airflow/dags/post_gres.py
[2024-10-18T19:36:00.346+0000] {processor.py:914} INFO - Processing file /opt/airflow/dags/post_gres.py for tasks to queue
[2024-10-18T19:36:00.349+0000] {logging_mixin.py:190} INFO - [2024-10-18T19:36:00.348+0000] {dagbag.py:588} INFO - Filling up the DagBag from /opt/airflow/dags/post_gres.py
[2024-10-18T19:36:00.379+0000] {processor.py:925} INFO - DAG(s) 'post_gres_dag' retrieved from /opt/airflow/dags/post_gres.py
[2024-10-18T19:36:00.462+0000] {logging_mixin.py:190} INFO - [2024-10-18T19:36:00.461+0000] {dag.py:3239} INFO - Sync 1 DAGs
[2024-10-18T19:36:00.481+0000] {logging_mixin.py:190} INFO - [2024-10-18T19:36:00.481+0000] {dag.py:4180} INFO - Setting next_dagrun for post_gres_dag to None, run_after=None
[2024-10-18T19:36:00.515+0000] {processor.py:208} INFO - Processing /opt/airflow/dags/post_gres.py took 0.175 seconds
[2024-10-18T19:36:30.814+0000] {processor.py:186} INFO - Started process (PID=1726) to work on /opt/airflow/dags/post_gres.py
[2024-10-18T19:36:30.816+0000] {processor.py:914} INFO - Processing file /opt/airflow/dags/post_gres.py for tasks to queue
[2024-10-18T19:36:30.819+0000] {logging_mixin.py:190} INFO - [2024-10-18T19:36:30.819+0000] {dagbag.py:588} INFO - Filling up the DagBag from /opt/airflow/dags/post_gres.py
[2024-10-18T19:36:30.845+0000] {processor.py:925} INFO - DAG(s) 'post_gres_dag' retrieved from /opt/airflow/dags/post_gres.py
[2024-10-18T19:36:30.861+0000] {logging_mixin.py:190} INFO - [2024-10-18T19:36:30.861+0000] {dag.py:3239} INFO - Sync 1 DAGs
[2024-10-18T19:36:30.879+0000] {logging_mixin.py:190} INFO - [2024-10-18T19:36:30.879+0000] {dag.py:4180} INFO - Setting next_dagrun for post_gres_dag to None, run_after=None
[2024-10-18T19:36:30.909+0000] {processor.py:208} INFO - Processing /opt/airflow/dags/post_gres.py took 0.099 seconds
[2024-10-18T19:37:01.079+0000] {processor.py:186} INFO - Started process (PID=1790) to work on /opt/airflow/dags/post_gres.py
[2024-10-18T19:37:01.080+0000] {processor.py:914} INFO - Processing file /opt/airflow/dags/post_gres.py for tasks to queue
[2024-10-18T19:37:01.082+0000] {logging_mixin.py:190} INFO - [2024-10-18T19:37:01.082+0000] {dagbag.py:588} INFO - Filling up the DagBag from /opt/airflow/dags/post_gres.py
[2024-10-18T19:37:01.098+0000] {processor.py:925} INFO - DAG(s) 'post_gres_dag' retrieved from /opt/airflow/dags/post_gres.py
[2024-10-18T19:37:01.113+0000] {logging_mixin.py:190} INFO - [2024-10-18T19:37:01.113+0000] {dag.py:3239} INFO - Sync 1 DAGs
[2024-10-18T19:37:01.138+0000] {logging_mixin.py:190} INFO - [2024-10-18T19:37:01.138+0000] {dag.py:4180} INFO - Setting next_dagrun for post_gres_dag to None, run_after=None
[2024-10-18T19:37:01.166+0000] {processor.py:208} INFO - Processing /opt/airflow/dags/post_gres.py took 0.092 seconds
[2024-10-18T19:37:31.345+0000] {processor.py:186} INFO - Started process (PID=1854) to work on /opt/airflow/dags/post_gres.py
[2024-10-18T19:37:31.347+0000] {processor.py:914} INFO - Processing file /opt/airflow/dags/post_gres.py for tasks to queue
[2024-10-18T19:37:31.349+0000] {logging_mixin.py:190} INFO - [2024-10-18T19:37:31.349+0000] {dagbag.py:588} INFO - Filling up the DagBag from /opt/airflow/dags/post_gres.py
[2024-10-18T19:37:31.380+0000] {processor.py:925} INFO - DAG(s) 'post_gres_dag' retrieved from /opt/airflow/dags/post_gres.py
[2024-10-18T19:37:31.397+0000] {logging_mixin.py:190} INFO - [2024-10-18T19:37:31.397+0000] {dag.py:3239} INFO - Sync 1 DAGs
[2024-10-18T19:37:31.415+0000] {logging_mixin.py:190} INFO - [2024-10-18T19:37:31.414+0000] {dag.py:4180} INFO - Setting next_dagrun for post_gres_dag to None, run_after=None
[2024-10-18T19:37:31.434+0000] {processor.py:208} INFO - Processing /opt/airflow/dags/post_gres.py took 0.093 seconds
[2024-10-18T19:38:01.574+0000] {processor.py:186} INFO - Started process (PID=1918) to work on /opt/airflow/dags/post_gres.py
[2024-10-18T19:38:01.576+0000] {processor.py:914} INFO - Processing file /opt/airflow/dags/post_gres.py for tasks to queue
[2024-10-18T19:38:01.578+0000] {logging_mixin.py:190} INFO - [2024-10-18T19:38:01.578+0000] {dagbag.py:588} INFO - Filling up the DagBag from /opt/airflow/dags/post_gres.py
[2024-10-18T19:38:01.598+0000] {processor.py:925} INFO - DAG(s) 'post_gres_dag' retrieved from /opt/airflow/dags/post_gres.py
[2024-10-18T19:38:01.612+0000] {logging_mixin.py:190} INFO - [2024-10-18T19:38:01.611+0000] {dag.py:3239} INFO - Sync 1 DAGs
[2024-10-18T19:38:01.629+0000] {logging_mixin.py:190} INFO - [2024-10-18T19:38:01.629+0000] {dag.py:4180} INFO - Setting next_dagrun for post_gres_dag to None, run_after=None
[2024-10-18T19:38:01.644+0000] {processor.py:208} INFO - Processing /opt/airflow/dags/post_gres.py took 0.076 seconds
